#
# A fatal error has been detected by the Java Runtime Environment:
#
#  Internal Error (jvmci.cpp:144), pid=10068, tid=8296
#  fatal error: Unable to load JVMCI shared library from C:\Users\ACER\.jdks\graalvm-jdk-24.0.2\bin\jvmcicompiler.dll: The paging file is too small for this operation to complete
#
# JRE version: Java(TM) SE Runtime Environment Oracle GraalVM 24.0.2+11.1 (24.0.2+11) (build 24.0.2+11-jvmci-b01)
# Java VM: Java HotSpot(TM) 64-Bit Server VM Oracle GraalVM 24.0.2+11.1 (24.0.2+11-jvmci-b01, mixed mode, sharing, tiered, jvmci, jvmci compiler, compressed oops, compressed class ptrs, g1 gc, windows-amd64)
# Problematic frame:
# V  [jvm.dll+0x4d4e78]
#
# No core dump will be written. Minidumps are not enabled by default on client versions of Windows
#
# If you would like to submit a bug report, please visit:
#   https://bugreport.java.com/bugreport/crash.jsp
#

---------------  S U M M A R Y ------------

Command Line: -XX:ThreadPriorityPolicy=1 -XX:+UnlockExperimentalVMOptions -XX:+EnableJVMCIProduct -XX:-UnlockExperimentalVMOptions -javaagent:C:\Program Files\JetBrains\IntelliJ IDEA 2025.2.1\lib\idea_rt.jar=56471 -Dfile.encoding=UTF-8 -Dsun.stdout.encoding=UTF-8 -Dsun.stderr.encoding=UTF-8 org.example.bookvexebej2e.BookvexeBeJ2eApplication

Host: Intel(R) Pentium(R) Silver N6000 @ 1.10GHz, 4 cores, 11G,  Windows 10 , 64 bit Build 19041 (10.0.19041.5915)
Time: Thu Oct 16 18:58:47 2025 China Standard Time elapsed time: 0.118792 seconds (0d 0h 0m 0s)

---------------  T H R E A D  ---------------

Current thread (0x0000019ca4016dd0):  JavaThread "JVMCI-native CompilerThread0" daemon [_thread_in_vm, id=8296, stack(0x0000005decb00000,0x0000005decc00000) (1024K)]


Current CompileTask:
JVMCI-native:118   17       4       java.lang.String::charAt (25 bytes)

Stack: [0x0000005decb00000,0x0000005decc00000],  sp=0x0000005decbfe430,  free space=1017k
Native frames: (J=compiled Java code, j=interpreted, Vv=VM code, C=native code)
V  [jvm.dll+0x4d4e78]  (no source info available)
V  [jvm.dll+0x579df3]  (no source info available)
V  [jvm.dll+0x55e5f9]  (no source info available)
V  [jvm.dll+0x55873d]  (no source info available)
V  [jvm.dll+0x27dd10]  (no source info available)
V  [jvm.dll+0x27c36a]  (no source info available)
V  [jvm.dll+0x42f396]  (no source info available)
V  [jvm.dll+0x87d9eb]  (no source info available)
V  [jvm.dll+0x72ef45]  (no source info available)
C  [ucrtbase.dll+0x21bb2]  (no source info available)
C  [KERNEL32.DLL+0x17374]  (no source info available)
C  [ntdll.dll+0x4cc91]  (no source info available)




Registers:
RAX=0x0000019c82950000, RBX=0x00007ffe464b4bf0, RCX=0x00000000e0000000, RDX=0x00007ffe4625a1a8
RSP=0x0000005decbfe430, RBP=0x0000005decbfed80, RSI=0x0000019ca4016dd0, RDI=0x0000005decbfecd0
R8 =0x0000000000000090, R9 =0x00007ffe4625a208, R10=0x0000000000000000, R11=0x0000000000000246
R12=0x0000019ca516bf18, R13=0x0000000000000000, R14=0x0000019ca3fe81f0, R15=0x0000019ca40083d0
RIP=0x00007ffe45cc4e78, EFLAGS=0x0000000000010246

XMM[0]=0x0000000000000000 0x0000000000000000
XMM[1]=0x0000000000000000 0x0000000000000000
XMM[2]=0x0000000000000000 0x0000000000000000
XMM[3]=0x0000000000000000 0x0000000000000000
XMM[4]=0x0000000000000000 0x0000000000000000
XMM[5]=0x0000000000000000 0x0000000000000000
XMM[6]=0x0000000000000000 0x0000000000000000
XMM[7]=0x0000000000000000 0x0000000000000000
XMM[8]=0x0000000000000000 0x0000000000000000
XMM[9]=0x0000000000000000 0x0000000000000000
XMM[10]=0x0000000000000000 0x0000000000000000
XMM[11]=0x0000000000000000 0x0000000000000000
XMM[12]=0x0000000000000000 0x0000000000000000
XMM[13]=0x0000000000000000 0x0000000000000000
XMM[14]=0x0000000000000000 0x0000000000000000
XMM[15]=0x0000000000000000 0x0000000000000000
  MXCSR=0x00001fa0


Register to memory mapping:

RAX=0x0000019c82950000 points into unknown readable memory: 0x0000000000000058 | 58 00 00 00 00 00 00 00
RBX=0x00007ffe464b4bf0 jvm.dll
RCX=0x00000000e0000000 is an unknown value
RDX=0x00007ffe4625a1a8 jvm.dll
RSP=0x0000005decbfe430 is pointing into the stack for thread: 0x0000019ca4016dd0
RBP=0x0000005decbfed80 is pointing into the stack for thread: 0x0000019ca4016dd0
RSI=0x0000019ca4016dd0 is a thread
RDI=0x0000005decbfecd0 is pointing into the stack for thread: 0x0000019ca4016dd0
R8 =0x0000000000000090 is an unknown value
R9 =0x00007ffe4625a208 jvm.dll
R10=0x0 is null
R11=0x0000000000000246 is an unknown value
R12={method} {0x0000019ca516bf20} 'charAt' '(I)C' in 'java/lang/String'
R13=0x0 is null
R14=0x0000019ca3fe81f0 points into unknown readable memory: 0x005c003f00000000 | 00 00 00 00 3f 00 5c 00
R15=0x0000019ca40083d0 points into unknown readable memory: 0x00007ffe4625b648 | 48 b6 25 46 fe 7f 00 00

Top of Stack: (sp=0x0000005decbfe430)
0x0000005decbfe430:   0000005decbfed80 0000019ca3fe81f0   ....]...........
0x0000005decbfe440:   0000019ca4016dd0 00007ffe4625a208   .m........%F....
0x0000005decbfe450:   0000005decbfe460 0000005decbfe860   `...]...`...]...
0x0000005decbfe460:   73726573555c3a43 6a2e5c524543415c   C:\Users\ACER\.j
0x0000005decbfe470:   616172675c736b64 2d6b646a2d6d766c   dks\graalvm-jdk-
0x0000005decbfe480:   625c322e302e3432 69636d766a5c6e69   24.0.2\bin\jvmci
0x0000005decbfe490:   72656c69706d6f63 000000006c6c642e   compiler.dll....
0x0000005decbfe4a0:   0000000000000000 0000000000000000   ................
0x0000005decbfe4b0:   0000000000000000 0000000000000000   ................
0x0000005decbfe4c0:   0000000000000000 0000000000000000   ................
0x0000005decbfe4d0:   0000000000000000 0000000000000000   ................
0x0000005decbfe4e0:   0000000000000000 0000000000000000   ................
0x0000005decbfe4f0:   0000000000000000 0000000000000000   ................
0x0000005decbfe500:   0000000000000000 0000000000000000   ................
0x0000005decbfe510:   0000000000000000 0000000000000000   ................
0x0000005decbfe520:   0000000000000000 00007ffeb8c04a6b   ........kJ......
0x0000005decbfe530:   0000000000000000 0000000000000000   ................
0x0000005decbfe540:   0000000000000000 0000000000000000   ................
0x0000005decbfe550:   0000019ca3fe81f0 00007ffeb8c12e0b   ................
0x0000005decbfe560:   0000005decbfe6d0 0000000000000000   ....]...........
0x0000005decbfe570:   0000000000000000 00007ffeb87d07cb   ..........}.....
0x0000005decbfe580:   0000005decbfeb38 00007ffeb8c11131   8...]...1.......
0x0000005decbfe590:   0000005decbfe6d0 0000000000000000   ....]...........
0x0000005decbfe5a0:   0000019ca400c460 0000000000000100   `...............
0x0000005decbfe5b0:   0000000000000031 000000000000000a   1...............
0x0000005decbfe5c0:   0000aff1dd000000 0000000000000000   ................
0x0000005decbfe5d0:   0000b7c94dc5193d 00007ffeb8cef0b0   =..M............
0x0000005decbfe5e0:   00007ffeb8c00000 0000005decbfeb38   ........8...]...
0x0000005decbfe5f0:   0000000000000000 0000000000000100   ................
0x0000005decbfe600:   0000005decbfe6d0 00007ffeb8c10d9e   ....]...........
0x0000005decbfe610:   0000005decbfe6d0 0000000000000000   ....]...........
0x0000005decbfe620:   0000019ca400c460 0000000000000000   `...............

Instructions: (pc=0x00007ffe45cc4e78)
  0x00007ffe45cc4d78:   24 30 ba 00 04 00 00 4d 85 c0 74 0f e8 f7 ba 24
  0x00007ffe45cc4d88:   00 84 c0 0f 84 07 01 00 00 eb 17 4c 8b 05 46 30
  0x00007ffe45cc4d98:   7b 00 4d 8b 00 e8 de ba 24 00 84 c0 0f 84 23 01
  0x00007ffe45cc4da8:   00 00 41 b8 00 04 00 00 48 8d 94 24 30 04 00 00
  0x00007ffe45cc4db8:   48 8d 4c 24 30 e8 9e 39 25 00 48 85 c0 0f 84 8d
  0x00007ffe45cc4dc8:   00 00 00 b2 09 48 89 05 dc 68 7d 00 48 8d 4c 24
  0x00007ffe45cc4dd8:   30 e8 12 f0 24 00 48 83 3d d2 27 7c 00 01 48 89
  0x00007ffe45cc4de8:   05 cb 68 7d 00 7d 0a 48 83 3d 69 b8 75 00 01 7c
  0x00007ffe45cc4df8:   11 48 8d 54 24 30 48 8d 0d 33 54 59 00 e8 86 fc
  0x00007ffe45cc4e08:   ff ff 48 8b 05 a7 68 7d 00 48 89 07 48 8b 3d 95
  0x00007ffe45cc4e18:   68 7d 00 48 85 db 74 08 48 8b cb e8 68 75 22 00
  0x00007ffe45cc4e28:   48 8b 9c 24 58 08 00 00 48 8b c7 48 8b 8c 24 30
  0x00007ffe45cc4e38:   08 00 00 48 33 cc e8 3d 1a 48 00 48 81 c4 40 08
  0x00007ffe45cc4e48:   00 00 5f c3 48 8b 0d 65 68 7d 00 48 89 0f eb db
  0x00007ffe45cc4e58:   48 8b 05 d1 a2 75 00 4c 8d 0d a2 53 59 00 41 b8
  0x00007ffe45cc4e68:   90 00 00 00 48 8d 15 35 53 59 00 b9 00 00 00 e0
=>0x00007ffe45cc4e78:   c6 00 58 48 8d 84 24 30 04 00 00 48 89 44 24 28
  0x00007ffe45cc4e88:   48 8d 44 24 30 48 89 44 24 20 e8 c9 4d dd ff cc
  0x00007ffe45cc4e98:   48 8b 05 91 a2 75 00 4c 8d 0d aa 52 59 00 41 b8
  0x00007ffe45cc4ea8:   6c 00 00 00 48 8d 15 f5 52 59 00 b9 00 00 00 e0
  0x00007ffe45cc4eb8:   c6 00 58 48 8b 05 06 27 7c 00 48 89 44 24 20 e8
  0x00007ffe45cc4ec8:   94 4d dd ff cc 48 8b 05 5c a2 75 00 4c 8d 0d fd
  0x00007ffe45cc4ed8:   52 59 00 41 b8 73 00 00 00 48 8d 15 c0 52 59 00
  0x00007ffe45cc4ee8:   b9 00 00 00 e0 c6 00 58 e8 6b 4d dd ff cc cc cc
  0x00007ffe45cc4ef8:   cc cc cc cc cc cc cc cc 0f b6 05 a3 67 7d 00 c3
  0x00007ffe45cc4f08:   cc cc cc cc cc cc cc cc 40 53 48 83 ec 20 48 83
  0x00007ffe45cc4f18:   3d b2 26 7c 00 00 48 8b d9 75 41 80 3d 83 26 7c
  0x00007ffe45cc4f28:   00 00 74 21 48 8b 81 a0 04 00 00 48 85 c0 75 1c
  0x00007ffe45cc4f38:   e8 83 41 0a 00 48 8b d3 48 8b c8 48 83 c4 20 5b
  0x00007ffe45cc4f48:   e9 83 29 0a 00 48 8b 05 6c 67 7d 00 48 8b d3 48
  0x00007ffe45cc4f58:   8b c8 48 83 c4 20 5b e9 6c 29 0a 00 33 c9 e8 b5
  0x00007ffe45cc4f68:   53 09 00 48 8b 05 be a1 75 00 48 8d 0d 2f 52 59


Stack slot to memory mapping:

stack at sp + 0 slots: 0x0000005decbfed80 is pointing into the stack for thread: 0x0000019ca4016dd0
stack at sp + 1 slots: 0x0000019ca3fe81f0 points into unknown readable memory: 0x005c003f00000000 | 00 00 00 00 3f 00 5c 00
stack at sp + 2 slots: 0x0000019ca4016dd0 is a thread
stack at sp + 3 slots: 0x00007ffe4625a208 jvm.dll
stack at sp + 4 slots: 0x0000005decbfe460 is pointing into the stack for thread: 0x0000019ca4016dd0
stack at sp + 5 slots: 0x0000005decbfe860 is pointing into the stack for thread: 0x0000019ca4016dd0
stack at sp + 6 slots: 0x73726573555c3a43 is an unknown value
stack at sp + 7 slots: 0x6a2e5c524543415c is an unknown value

Lock stack of current Java thread (top to bottom):


---------------  P R O C E S S  ---------------

Threads class SMR info:
_java_thread_list=0x0000019ca401b630, length=9, elements={
0x0000019c84c26580, 0x0000019ca3ffe810, 0x0000019ca3fff800, 0x0000019ca40046e0,
0x0000019ca4005210, 0x0000019ca4006550, 0x0000019ca4007080, 0x0000019ca4016dd0,
0x0000019ca401f7b0
}

Java Threads: ( => current thread )
  0x0000019c84c26580 JavaThread "main"                              [_thread_in_vm, id=2564, stack(0x0000005debc00000,0x0000005debd00000) (1024K)]
  0x0000019ca3ffe810 JavaThread "Reference Handler"          daemon [_thread_blocked, id=12396, stack(0x0000005dec500000,0x0000005dec600000) (1024K)]
  0x0000019ca3fff800 JavaThread "Finalizer"                  daemon [_thread_blocked, id=12976, stack(0x0000005dec600000,0x0000005dec700000) (1024K)]
  0x0000019ca40046e0 JavaThread "Signal Dispatcher"          daemon [_thread_blocked, id=5140, stack(0x0000005dec700000,0x0000005dec800000) (1024K)]
  0x0000019ca4005210 JavaThread "Attach Listener"            daemon [_thread_blocked, id=4048, stack(0x0000005dec800000,0x0000005dec900000) (1024K)]
  0x0000019ca4006550 JavaThread "Service Thread"             daemon [_thread_blocked, id=5524, stack(0x0000005dec900000,0x0000005deca00000) (1024K)]
  0x0000019ca4007080 JavaThread "Monitor Deflation Thread"   daemon [_thread_blocked, id=8088, stack(0x0000005deca00000,0x0000005decb00000) (1024K)]
=>0x0000019ca4016dd0 JavaThread "JVMCI-native CompilerThread0" daemon [_thread_in_vm, id=8296, stack(0x0000005decb00000,0x0000005decc00000) (1024K)]
  0x0000019ca401f7b0 JavaThread "C1 CompilerThread0"         daemon [_thread_blocked, id=2132, stack(0x0000005decc00000,0x0000005decd00000) (1024K)]
Total: 9

Other Threads:
  0x0000019ca3fefdc0 VMThread "VM Thread"                           [id=10048, stack(0x0000005dec400000,0x0000005dec500000) (1024K)]
  0x0000019ca3fe09e0 WatcherThread "VM Periodic Task Thread"        [id=12716, stack(0x0000005dec300000,0x0000005dec400000) (1024K)]
  0x0000019c84c7a960 WorkerThread "GC Thread#0"                     [id=6976, stack(0x0000005debe00000,0x0000005debf00000) (1024K)]
  0x0000019c84c8af80 ConcurrentGCThread "G1 Main Marker"            [id=8652, stack(0x0000005debf00000,0x0000005dec000000) (1024K)]
  0x0000019c84c8ba90 WorkerThread "G1 Conc#0"                       [id=412, stack(0x0000005dec000000,0x0000005dec100000) (1024K)]
  0x0000019ca3eb20c0 ConcurrentGCThread "G1 Refine#0"               [id=9584, stack(0x0000005dec100000,0x0000005dec200000) (1024K)]
  0x0000019c84cd9170 ConcurrentGCThread "G1 Service"                [id=8196, stack(0x0000005dec200000,0x0000005dec300000) (1024K)]
Total: 7

Threads with active compile tasks:
JVMCI-native CompilerThread0  192   17       4       java.lang.String::charAt (25 bytes)
Total: 1

VM state: not at safepoint (normal execution)

VM Mutex/Monitor currently owned by a thread:  ([mutex/lock_event])
[0x00007ffe464b4bf0] JVMCI_lock - owner thread: 0x0000019ca4016dd0

Heap address: 0x0000000743000000, size: 3024 MB, Compressed Oops mode: Zero based, Oop shift amount: 3

CDS archive(s) mapped at: [0x0000019ca5000000-0x0000019ca5d50000-0x0000019ca5d50000), size 13959168, SharedBaseAddress: 0x0000019ca5000000, ArchiveRelocationMode: 1.
Compressed class space mapped at: 0x0000019ca6000000-0x0000019ce6000000, reserved size: 1073741824
UseCompressedClassPointers 1, UseCompactObjectHeaders 0
Narrow klass pointer bits 32, Max shift 3
Narrow klass base: 0x0000019ca5000000, Narrow klass shift: 0
Encoding Range: [0x0000019ca5000000 - 0x0000019da5000000), (4294967296 bytes)
Klass Range:    [0x0000019ca5000000 - 0x0000019ce6000000), (1090519040 bytes)
Klass ID Range:  [8 - 1090519033) (1090519025)

GC Precious Log:
 CardTable entry size: 512
 Card Set container configuration: InlinePtr #cards 4 size 8 Array Of Cards #cards 16 size 48 Howl #buckets 8 coarsen threshold 3686 Howl Bitmap #cards 512 size 80 coarsen threshold 460 Card regions per heap region 1 cards per card region 4096
 CPUs: 4 total, 4 available
 Memory: 12093M
 Large Page Support: Disabled
 NUMA Support: Disabled
 Compressed Oops: Enabled (Zero based)
 Heap Region Size: 2M
 Heap Min Capacity: 8M
 Heap Initial Capacity: 190M
 Heap Max Capacity: 3024M
 Pre-touch: Disabled
 Parallel Workers: 4
 Concurrent Workers: 1
 Concurrent Refinement Workers: 4
 Periodic GC: Disabled

Heap:
 garbage-first heap   total reserved 3096576K, committed 196608K, used 1204K [0x0000000743000000, 0x0000000800000000)
  region size 2048K, 1 young (2048K), 0 survivors (0K)
 Metaspace       used 70K, committed 192K, reserved 1114112K
  class space    used 1K, committed 64K, reserved 1048576K

Heap Regions: E=young(eden), S=young(survivor), O=old, HS=humongous(starts), HC=humongous(continues), CS=collection set, F=free, TAMS=top-at-mark-start, PB=parsable bottom
|   0|0x0000000743000000, 0x0000000743000000, 0x0000000743200000|  0%| F|  |TAMS 0x0000000743000000| PB 0x0000000743000000| Untracked |  0
|   1|0x0000000743200000, 0x0000000743200000, 0x0000000743400000|  0%| F|  |TAMS 0x0000000743200000| PB 0x0000000743200000| Untracked |  0
|   2|0x0000000743400000, 0x0000000743400000, 0x0000000743600000|  0%| F|  |TAMS 0x0000000743400000| PB 0x0000000743400000| Untracked |  0
|   3|0x0000000743600000, 0x0000000743600000, 0x0000000743800000|  0%| F|  |TAMS 0x0000000743600000| PB 0x0000000743600000| Untracked |  0
|   4|0x0000000743800000, 0x0000000743800000, 0x0000000743a00000|  0%| F|  |TAMS 0x0000000743800000| PB 0x0000000743800000| Untracked |  0
|   5|0x0000000743a00000, 0x0000000743a00000, 0x0000000743c00000|  0%| F|  |TAMS 0x0000000743a00000| PB 0x0000000743a00000| Untracked |  0
|   6|0x0000000743c00000, 0x0000000743c00000, 0x0000000743e00000|  0%| F|  |TAMS 0x0000000743c00000| PB 0x0000000743c00000| Untracked |  0
|   7|0x0000000743e00000, 0x0000000743e00000, 0x0000000744000000|  0%| F|  |TAMS 0x0000000743e00000| PB 0x0000000743e00000| Untracked |  0
|   8|0x0000000744000000, 0x0000000744000000, 0x0000000744200000|  0%| F|  |TAMS 0x0000000744000000| PB 0x0000000744000000| Untracked |  0
|   9|0x0000000744200000, 0x0000000744200000, 0x0000000744400000|  0%| F|  |TAMS 0x0000000744200000| PB 0x0000000744200000| Untracked |  0
|  10|0x0000000744400000, 0x0000000744400000, 0x0000000744600000|  0%| F|  |TAMS 0x0000000744400000| PB 0x0000000744400000| Untracked |  0
|  11|0x0000000744600000, 0x0000000744600000, 0x0000000744800000|  0%| F|  |TAMS 0x0000000744600000| PB 0x0000000744600000| Untracked |  0
|  12|0x0000000744800000, 0x0000000744800000, 0x0000000744a00000|  0%| F|  |TAMS 0x0000000744800000| PB 0x0000000744800000| Untracked |  0
|  13|0x0000000744a00000, 0x0000000744a00000, 0x0000000744c00000|  0%| F|  |TAMS 0x0000000744a00000| PB 0x0000000744a00000| Untracked |  0
|  14|0x0000000744c00000, 0x0000000744c00000, 0x0000000744e00000|  0%| F|  |TAMS 0x0000000744c00000| PB 0x0000000744c00000| Untracked |  0
|  15|0x0000000744e00000, 0x0000000744e00000, 0x0000000745000000|  0%| F|  |TAMS 0x0000000744e00000| PB 0x0000000744e00000| Untracked |  0
|  16|0x0000000745000000, 0x0000000745000000, 0x0000000745200000|  0%| F|  |TAMS 0x0000000745000000| PB 0x0000000745000000| Untracked |  0
|  17|0x0000000745200000, 0x0000000745200000, 0x0000000745400000|  0%| F|  |TAMS 0x0000000745200000| PB 0x0000000745200000| Untracked |  0
|  18|0x0000000745400000, 0x0000000745400000, 0x0000000745600000|  0%| F|  |TAMS 0x0000000745400000| PB 0x0000000745400000| Untracked |  0
|  19|0x0000000745600000, 0x0000000745600000, 0x0000000745800000|  0%| F|  |TAMS 0x0000000745600000| PB 0x0000000745600000| Untracked |  0
|  20|0x0000000745800000, 0x0000000745800000, 0x0000000745a00000|  0%| F|  |TAMS 0x0000000745800000| PB 0x0000000745800000| Untracked |  0
|  21|0x0000000745a00000, 0x0000000745a00000, 0x0000000745c00000|  0%| F|  |TAMS 0x0000000745a00000| PB 0x0000000745a00000| Untracked |  0
|  22|0x0000000745c00000, 0x0000000745c00000, 0x0000000745e00000|  0%| F|  |TAMS 0x0000000745c00000| PB 0x0000000745c00000| Untracked |  0
|  23|0x0000000745e00000, 0x0000000745e00000, 0x0000000746000000|  0%| F|  |TAMS 0x0000000745e00000| PB 0x0000000745e00000| Untracked |  0
|  24|0x0000000746000000, 0x0000000746000000, 0x0000000746200000|  0%| F|  |TAMS 0x0000000746000000| PB 0x0000000746000000| Untracked |  0
|  25|0x0000000746200000, 0x0000000746200000, 0x0000000746400000|  0%| F|  |TAMS 0x0000000746200000| PB 0x0000000746200000| Untracked |  0
|  26|0x0000000746400000, 0x0000000746400000, 0x0000000746600000|  0%| F|  |TAMS 0x0000000746400000| PB 0x0000000746400000| Untracked |  0
|  27|0x0000000746600000, 0x0000000746600000, 0x0000000746800000|  0%| F|  |TAMS 0x0000000746600000| PB 0x0000000746600000| Untracked |  0
|  28|0x0000000746800000, 0x0000000746800000, 0x0000000746a00000|  0%| F|  |TAMS 0x0000000746800000| PB 0x0000000746800000| Untracked |  0
|  29|0x0000000746a00000, 0x0000000746a00000, 0x0000000746c00000|  0%| F|  |TAMS 0x0000000746a00000| PB 0x0000000746a00000| Untracked |  0
|  30|0x0000000746c00000, 0x0000000746c00000, 0x0000000746e00000|  0%| F|  |TAMS 0x0000000746c00000| PB 0x0000000746c00000| Untracked |  0
|  31|0x0000000746e00000, 0x0000000746e00000, 0x0000000747000000|  0%| F|  |TAMS 0x0000000746e00000| PB 0x0000000746e00000| Untracked |  0
|  32|0x0000000747000000, 0x0000000747000000, 0x0000000747200000|  0%| F|  |TAMS 0x0000000747000000| PB 0x0000000747000000| Untracked |  0
|  33|0x0000000747200000, 0x0000000747200000, 0x0000000747400000|  0%| F|  |TAMS 0x0000000747200000| PB 0x0000000747200000| Untracked |  0
|  34|0x0000000747400000, 0x0000000747400000, 0x0000000747600000|  0%| F|  |TAMS 0x0000000747400000| PB 0x0000000747400000| Untracked |  0
|  35|0x0000000747600000, 0x0000000747600000, 0x0000000747800000|  0%| F|  |TAMS 0x0000000747600000| PB 0x0000000747600000| Untracked |  0
|  36|0x0000000747800000, 0x0000000747800000, 0x0000000747a00000|  0%| F|  |TAMS 0x0000000747800000| PB 0x0000000747800000| Untracked |  0
|  37|0x0000000747a00000, 0x0000000747a00000, 0x0000000747c00000|  0%| F|  |TAMS 0x0000000747a00000| PB 0x0000000747a00000| Untracked |  0
|  38|0x0000000747c00000, 0x0000000747c00000, 0x0000000747e00000|  0%| F|  |TAMS 0x0000000747c00000| PB 0x0000000747c00000| Untracked |  0
|  39|0x0000000747e00000, 0x0000000747e00000, 0x0000000748000000|  0%| F|  |TAMS 0x0000000747e00000| PB 0x0000000747e00000| Untracked |  0
|  40|0x0000000748000000, 0x0000000748000000, 0x0000000748200000|  0%| F|  |TAMS 0x0000000748000000| PB 0x0000000748000000| Untracked |  0
|  41|0x0000000748200000, 0x0000000748200000, 0x0000000748400000|  0%| F|  |TAMS 0x0000000748200000| PB 0x0000000748200000| Untracked |  0
|  42|0x0000000748400000, 0x0000000748400000, 0x0000000748600000|  0%| F|  |TAMS 0x0000000748400000| PB 0x0000000748400000| Untracked |  0
|  43|0x0000000748600000, 0x0000000748600000, 0x0000000748800000|  0%| F|  |TAMS 0x0000000748600000| PB 0x0000000748600000| Untracked |  0
|  44|0x0000000748800000, 0x0000000748800000, 0x0000000748a00000|  0%| F|  |TAMS 0x0000000748800000| PB 0x0000000748800000| Untracked |  0
|  45|0x0000000748a00000, 0x0000000748a00000, 0x0000000748c00000|  0%| F|  |TAMS 0x0000000748a00000| PB 0x0000000748a00000| Untracked |  0
|  46|0x0000000748c00000, 0x0000000748c00000, 0x0000000748e00000|  0%| F|  |TAMS 0x0000000748c00000| PB 0x0000000748c00000| Untracked |  0
|  47|0x0000000748e00000, 0x0000000748e00000, 0x0000000749000000|  0%| F|  |TAMS 0x0000000748e00000| PB 0x0000000748e00000| Untracked |  0
|  48|0x0000000749000000, 0x0000000749000000, 0x0000000749200000|  0%| F|  |TAMS 0x0000000749000000| PB 0x0000000749000000| Untracked |  0
|  49|0x0000000749200000, 0x0000000749200000, 0x0000000749400000|  0%| F|  |TAMS 0x0000000749200000| PB 0x0000000749200000| Untracked |  0
|  50|0x0000000749400000, 0x0000000749400000, 0x0000000749600000|  0%| F|  |TAMS 0x0000000749400000| PB 0x0000000749400000| Untracked |  0
|  51|0x0000000749600000, 0x0000000749600000, 0x0000000749800000|  0%| F|  |TAMS 0x0000000749600000| PB 0x0000000749600000| Untracked |  0
|  52|0x0000000749800000, 0x0000000749800000, 0x0000000749a00000|  0%| F|  |TAMS 0x0000000749800000| PB 0x0000000749800000| Untracked |  0
|  53|0x0000000749a00000, 0x0000000749a00000, 0x0000000749c00000|  0%| F|  |TAMS 0x0000000749a00000| PB 0x0000000749a00000| Untracked |  0
|  54|0x0000000749c00000, 0x0000000749c00000, 0x0000000749e00000|  0%| F|  |TAMS 0x0000000749c00000| PB 0x0000000749c00000| Untracked |  0
|  55|0x0000000749e00000, 0x0000000749e00000, 0x000000074a000000|  0%| F|  |TAMS 0x0000000749e00000| PB 0x0000000749e00000| Untracked |  0
|  56|0x000000074a000000, 0x000000074a000000, 0x000000074a200000|  0%| F|  |TAMS 0x000000074a000000| PB 0x000000074a000000| Untracked |  0
|  57|0x000000074a200000, 0x000000074a200000, 0x000000074a400000|  0%| F|  |TAMS 0x000000074a200000| PB 0x000000074a200000| Untracked |  0
|  58|0x000000074a400000, 0x000000074a400000, 0x000000074a600000|  0%| F|  |TAMS 0x000000074a400000| PB 0x000000074a400000| Untracked |  0
|  59|0x000000074a600000, 0x000000074a600000, 0x000000074a800000|  0%| F|  |TAMS 0x000000074a600000| PB 0x000000074a600000| Untracked |  0
|  60|0x000000074a800000, 0x000000074a800000, 0x000000074aa00000|  0%| F|  |TAMS 0x000000074a800000| PB 0x000000074a800000| Untracked |  0
|  61|0x000000074aa00000, 0x000000074aa00000, 0x000000074ac00000|  0%| F|  |TAMS 0x000000074aa00000| PB 0x000000074aa00000| Untracked |  0
|  62|0x000000074ac00000, 0x000000074ac00000, 0x000000074ae00000|  0%| F|  |TAMS 0x000000074ac00000| PB 0x000000074ac00000| Untracked |  0
|  63|0x000000074ae00000, 0x000000074ae00000, 0x000000074b000000|  0%| F|  |TAMS 0x000000074ae00000| PB 0x000000074ae00000| Untracked |  0
|  64|0x000000074b000000, 0x000000074b000000, 0x000000074b200000|  0%| F|  |TAMS 0x000000074b000000| PB 0x000000074b000000| Untracked |  0
|  65|0x000000074b200000, 0x000000074b200000, 0x000000074b400000|  0%| F|  |TAMS 0x000000074b200000| PB 0x000000074b200000| Untracked |  0
|  66|0x000000074b400000, 0x000000074b400000, 0x000000074b600000|  0%| F|  |TAMS 0x000000074b400000| PB 0x000000074b400000| Untracked |  0
|  67|0x000000074b600000, 0x000000074b600000, 0x000000074b800000|  0%| F|  |TAMS 0x000000074b600000| PB 0x000000074b600000| Untracked |  0
|  68|0x000000074b800000, 0x000000074b800000, 0x000000074ba00000|  0%| F|  |TAMS 0x000000074b800000| PB 0x000000074b800000| Untracked |  0
|  69|0x000000074ba00000, 0x000000074ba00000, 0x000000074bc00000|  0%| F|  |TAMS 0x000000074ba00000| PB 0x000000074ba00000| Untracked |  0
|  70|0x000000074bc00000, 0x000000074bc00000, 0x000000074be00000|  0%| F|  |TAMS 0x000000074bc00000| PB 0x000000074bc00000| Untracked |  0
|  71|0x000000074be00000, 0x000000074be00000, 0x000000074c000000|  0%| F|  |TAMS 0x000000074be00000| PB 0x000000074be00000| Untracked |  0
|  72|0x000000074c000000, 0x000000074c000000, 0x000000074c200000|  0%| F|  |TAMS 0x000000074c000000| PB 0x000000074c000000| Untracked |  0
|  73|0x000000074c200000, 0x000000074c200000, 0x000000074c400000|  0%| F|  |TAMS 0x000000074c200000| PB 0x000000074c200000| Untracked |  0
|  74|0x000000074c400000, 0x000000074c400000, 0x000000074c600000|  0%| F|  |TAMS 0x000000074c400000| PB 0x000000074c400000| Untracked |  0
|  75|0x000000074c600000, 0x000000074c600000, 0x000000074c800000|  0%| F|  |TAMS 0x000000074c600000| PB 0x000000074c600000| Untracked |  0
|  76|0x000000074c800000, 0x000000074c800000, 0x000000074ca00000|  0%| F|  |TAMS 0x000000074c800000| PB 0x000000074c800000| Untracked |  0
|  77|0x000000074ca00000, 0x000000074ca00000, 0x000000074cc00000|  0%| F|  |TAMS 0x000000074ca00000| PB 0x000000074ca00000| Untracked |  0
|  78|0x000000074cc00000, 0x000000074cc00000, 0x000000074ce00000|  0%| F|  |TAMS 0x000000074cc00000| PB 0x000000074cc00000| Untracked |  0
|  79|0x000000074ce00000, 0x000000074ce00000, 0x000000074d000000|  0%| F|  |TAMS 0x000000074ce00000| PB 0x000000074ce00000| Untracked |  0
|  80|0x000000074d000000, 0x000000074d000000, 0x000000074d200000|  0%| F|  |TAMS 0x000000074d000000| PB 0x000000074d000000| Untracked |  0
|  81|0x000000074d200000, 0x000000074d200000, 0x000000074d400000|  0%| F|  |TAMS 0x000000074d200000| PB 0x000000074d200000| Untracked |  0
|  82|0x000000074d400000, 0x000000074d400000, 0x000000074d600000|  0%| F|  |TAMS 0x000000074d400000| PB 0x000000074d400000| Untracked |  0
|  83|0x000000074d600000, 0x000000074d600000, 0x000000074d800000|  0%| F|  |TAMS 0x000000074d600000| PB 0x000000074d600000| Untracked |  0
|  84|0x000000074d800000, 0x000000074d800000, 0x000000074da00000|  0%| F|  |TAMS 0x000000074d800000| PB 0x000000074d800000| Untracked |  0
|  85|0x000000074da00000, 0x000000074da00000, 0x000000074dc00000|  0%| F|  |TAMS 0x000000074da00000| PB 0x000000074da00000| Untracked |  0
|  86|0x000000074dc00000, 0x000000074dc00000, 0x000000074de00000|  0%| F|  |TAMS 0x000000074dc00000| PB 0x000000074dc00000| Untracked |  0
|  87|0x000000074de00000, 0x000000074de00000, 0x000000074e000000|  0%| F|  |TAMS 0x000000074de00000| PB 0x000000074de00000| Untracked |  0
|  88|0x000000074e000000, 0x000000074e000000, 0x000000074e200000|  0%| F|  |TAMS 0x000000074e000000| PB 0x000000074e000000| Untracked |  0
|  89|0x000000074e200000, 0x000000074e200000, 0x000000074e400000|  0%| F|  |TAMS 0x000000074e200000| PB 0x000000074e200000| Untracked |  0
|  90|0x000000074e400000, 0x000000074e400000, 0x000000074e600000|  0%| F|  |TAMS 0x000000074e400000| PB 0x000000074e400000| Untracked |  0
|  91|0x000000074e600000, 0x000000074e600000, 0x000000074e800000|  0%| F|  |TAMS 0x000000074e600000| PB 0x000000074e600000| Untracked |  0
|  92|0x000000074e800000, 0x000000074e800000, 0x000000074ea00000|  0%| F|  |TAMS 0x000000074e800000| PB 0x000000074e800000| Untracked |  0
|  93|0x000000074ea00000, 0x000000074ea00000, 0x000000074ec00000|  0%| F|  |TAMS 0x000000074ea00000| PB 0x000000074ea00000| Untracked |  0
|  94|0x000000074ec00000, 0x000000074edae178, 0x000000074ee00000| 84%| E|  |TAMS 0x000000074ec00000| PB 0x000000074ec00000| Complete |  0
|1511|0x00000007ffe00000, 0x00000007fff2d268, 0x0000000800000000| 58%| O|  |TAMS 0x00000007ffe00000| PB 0x00000007ffe00000| Untracked |  0

Card table byte_map: [0x0000019c9e520000,0x0000019c9eb10000] _byte_map_base: 0x0000019c9ab08000

Marking Bits: (CMBitMap*) 0x0000019c84c7b070
 Bits: [0x0000019c9eb10000, 0x0000019ca1a50000)

Polling page: 0x0000019c82960000

Metaspace:

Usage:
  Non-class:     75.23 KB used.
      Class:      1.52 KB used.
       Both:     76.75 KB used.

Virtual space:
  Non-class space:       64.00 MB reserved,     128.00 KB ( <1%) committed,  1 nodes.
      Class space:        1.00 GB reserved,      64.00 KB ( <1%) committed,  1 nodes.
             Both:        1.06 GB reserved,     192.00 KB ( <1%) committed. 

Chunk freelists:
   Non-Class:  12.00 MB
       Class:  15.75 MB
        Both:  27.75 MB

MaxMetaspaceSize: unlimited
CompressedClassSpaceSize: 1.00 GB
Initial GC threshold: 21.00 MB
Current GC threshold: 21.00 MB
CDS: on
 - commit_granule_bytes: 65536.
 - commit_granule_words: 8192.
 - virtual_space_node_default_size: 8388608.
 - enlarge_chunks_in_place: 1.
UseCompressedClassPointers 1, UseCompactObjectHeaders 0
Narrow klass pointer bits 32, Max shift 3
Narrow klass base: 0x0000019ca5000000, Narrow klass shift: 0
Encoding Range: [0x0000019ca5000000 - 0x0000019da5000000), (4294967296 bytes)
Klass Range:    [0x0000019ca5000000 - 0x0000019ce6000000), (1090519040 bytes)
Klass ID Range:  [8 - 1090519033) (1090519025)


Internal statistics:

num_allocs_failed_limit: 0.
num_arena_births: 2.
num_arena_deaths: 0.
num_vsnodes_births: 2.
num_vsnodes_deaths: 0.
num_space_committed: 3.
num_space_uncommitted: 0.
num_chunks_returned_to_freelist: 0.
num_chunks_taken_from_freelist: 3.
num_chunk_merges: 0.
num_chunk_splits: 2.
num_chunks_enlarged: 0.
num_inconsistent_stats: 0.

CodeHeap 'non-profiled nmethods': size=119808Kb used=6Kb max_used=6Kb free=119801Kb
 bounds [0x0000019c96a30000, 0x0000019c96ca0000, 0x0000019c9df30000]
CodeHeap 'profiled nmethods': size=119744Kb used=58Kb max_used=58Kb free=119685Kb
 bounds [0x0000019c8ef30000, 0x0000019c8f1a0000, 0x0000019c96420000]
CodeHeap 'non-nmethods': size=6208Kb used=1134Kb max_used=1134Kb free=5073Kb
 bounds [0x0000019c96420000, 0x0000019c96690000, 0x0000019c96a30000]
CodeCache: size=245760Kb, used=1198Kb, max_used=1198Kb, free=244559Kb
 total_blobs=323, nmethods=46, adapters=204, full_count=0
Compilation: enabled, stopped_count=0, restarted_count=0

JVMCI Events (3 events):
Event: 0.054 Thread 0x0000019c84c26580 created new Java JVMCI runtime -1 (0x0000019ca3fe8960)
Event: 0.114 Thread 0x0000019ca4016dd0 created new CompileBroker JVMCI runtime 0 (0x0000019ca3fe81f0)
Event: 0.114 Thread 0x0000019ca4016dd0 attached to JVMCI runtime 0

Compilation events (20 events):
Event: 0.074 Thread 0x0000019ca401f7b0 nmethod 3 0x0000019c8ef30d88 code [0x0000019c8ef30ea0, 0x0000019c8ef30fd8]
Event: 0.075 Thread 0x0000019ca401f7b0    6       3       java.lang.Object::<init> (1 bytes)
Event: 0.075 Thread 0x0000019ca401f7b0 nmethod 6 0x0000019c8ef31088 code [0x0000019c8ef311a0, 0x0000019c8ef312a8]
Event: 0.078 Thread 0x0000019ca401f7b0    7       3       java.lang.String::coder (15 bytes)
Event: 0.078 Thread 0x0000019ca401f7b0 nmethod 7 0x0000019c8ef31388 code [0x0000019c8ef314a0, 0x0000019c8ef315d0]
Event: 0.079 Thread 0x0000019ca401f7b0    8       3       java.lang.String::isLatin1 (19 bytes)
Event: 0.079 Thread 0x0000019ca401f7b0 nmethod 8 0x0000019c8ef31688 code [0x0000019c8ef317a0, 0x0000019c8ef31908]
Event: 0.081 Thread 0x0000019ca401f7b0    9       3       java.lang.String::length (11 bytes)
Event: 0.081 Thread 0x0000019ca401f7b0 nmethod 9 0x0000019c8ef31988 code [0x0000019c8ef31aa0, 0x0000019c8ef31e08]
Event: 0.087 Thread 0x0000019ca401f7b0   10       3       java.lang.String::hashCode (60 bytes)
Event: 0.087 Thread 0x0000019ca401f7b0 nmethod 10 0x0000019c8ef31e88 code [0x0000019c8ef31fe0, 0x0000019c8ef325d8]
Event: 0.095 Thread 0x0000019ca401f7b0   12       3       sun.net.www.ParseUtil::match (50 bytes)
Event: 0.096 Thread 0x0000019ca401f7b0 nmethod 12 0x0000019c8ef32608 code [0x0000019c8ef32720, 0x0000019c8ef32978]
Event: 0.097 Thread 0x0000019ca401f7b0   13       3       java.lang.StringLatin1::indexOfChar (33 bytes)
Event: 0.097 Thread 0x0000019ca401f7b0 nmethod 13 0x0000019c8ef32988 code [0x0000019c8ef32aa0, 0x0000019c8ef32cb0]
Event: 0.102 Thread 0x0000019ca401f7b0   14       1       java.io.File::getPath (5 bytes)
Event: 0.102 Thread 0x0000019ca401f7b0 nmethod 14 0x0000019c96a30a08 code [0x0000019c96a30b00, 0x0000019c96a30bc8]
Event: 0.111 Thread 0x0000019ca401f7b0   16       3       java.lang.String::equals (56 bytes)
Event: 0.111 Thread 0x0000019ca401f7b0 nmethod 16 0x0000019c8ef32d08 code [0x0000019c8ef32e40, 0x0000019c8ef334d0]
Event: 0.114 Thread 0x0000019ca4016dd0   17       4       java.lang.String::charAt (25 bytes)

GC Heap History (0 events):
No events

Dll operation events (3 events):
Event: 0.022 Loaded shared library C:\Users\ACER\.jdks\graalvm-jdk-24.0.2\bin\java.dll
Event: 0.073 Loaded shared library C:\Users\ACER\.jdks\graalvm-jdk-24.0.2\bin\jsvml.dll
Event: 0.115 Loading shared library C:\Users\ACER\.jdks\graalvm-jdk-24.0.2\bin\jvmcicompiler.dll failed, error code 1455

Deoptimization events (0 events):
No events

Classes loaded (0 events):
No events

Classes unloaded (0 events):
No events

Classes redefined (0 events):
No events

Internal exceptions (0 events):
No events

VM Operations (0 events):
No events

Memory protections (0 events):
No events

Nmethod flushes (0 events):
No events

Events (9 events):
Event: 0.051 Thread 0x0000019c84c26580 Thread added: 0x0000019c84c26580
Event: 0.071 Thread 0x0000019c84c26580 Thread added: 0x0000019ca3ffe810
Event: 0.071 Thread 0x0000019c84c26580 Thread added: 0x0000019ca3fff800
Event: 0.071 Thread 0x0000019c84c26580 Thread added: 0x0000019ca40046e0
Event: 0.071 Thread 0x0000019c84c26580 Thread added: 0x0000019ca4005210
Event: 0.071 Thread 0x0000019c84c26580 Thread added: 0x0000019ca4006550
Event: 0.071 Thread 0x0000019c84c26580 Thread added: 0x0000019ca4007080
Event: 0.072 Thread 0x0000019c84c26580 Thread added: 0x0000019ca4016dd0
Event: 0.072 Thread 0x0000019c84c26580 Thread added: 0x0000019ca401f7b0


Dynamic libraries:
0x00007ff64b090000 - 0x00007ff64b0a0000 	C:\Users\ACER\.jdks\graalvm-jdk-24.0.2\bin\java.exe
0x00007ffebb0f0000 - 0x00007ffebb2e8000 	C:\WINDOWS\SYSTEM32\ntdll.dll
0x00007ffeba8a0000 - 0x00007ffeba962000 	C:\WINDOWS\System32\KERNEL32.DLL
0x00007ffeb8780000 - 0x00007ffeb8a76000 	C:\WINDOWS\System32\KERNELBASE.dll
0x00007ffeb8c00000 - 0x00007ffeb8d00000 	C:\WINDOWS\System32\ucrtbase.dll
0x00007ffe83de0000 - 0x00007ffe83df6000 	C:\Users\ACER\.jdks\graalvm-jdk-24.0.2\bin\jli.dll
0x00007ffeb9180000 - 0x00007ffeb9321000 	C:\WINDOWS\System32\USER32.dll
0x00007ffeb8bd0000 - 0x00007ffeb8bf2000 	C:\WINDOWS\System32\win32u.dll
0x00007ffebaa60000 - 0x00007ffebaa8b000 	C:\WINDOWS\System32\GDI32.dll
0x00007ffeb8d30000 - 0x00007ffeb8e49000 	C:\WINDOWS\System32\gdi32full.dll
0x00007ffe83740000 - 0x00007ffe8375b000 	C:\Users\ACER\.jdks\graalvm-jdk-24.0.2\bin\VCRUNTIME140.dll
0x00007ffeb8b30000 - 0x00007ffeb8bcd000 	C:\WINDOWS\System32\msvcp_win.dll
0x00007ffea71a0000 - 0x00007ffea743b000 	C:\WINDOWS\WinSxS\amd64_microsoft.windows.common-controls_6595b64144ccf1df_6.0.19041.6456_none_60b8a6cb71f64256\COMCTL32.dll
0x00007ffeba0f0000 - 0x00007ffeba18e000 	C:\WINDOWS\System32\msvcrt.dll
0x00007ffeba0c0000 - 0x00007ffeba0ef000 	C:\WINDOWS\System32\IMM32.DLL
0x00007ffe8db60000 - 0x00007ffe8db6c000 	C:\Users\ACER\.jdks\graalvm-jdk-24.0.2\bin\vcruntime140_1.dll
0x00007ffe79910000 - 0x00007ffe7999e000 	C:\Users\ACER\.jdks\graalvm-jdk-24.0.2\bin\msvcp140.dll
0x00007ffe457f0000 - 0x00007ffe46591000 	C:\Users\ACER\.jdks\graalvm-jdk-24.0.2\bin\server\jvm.dll
0x00007ffebaf80000 - 0x00007ffebb031000 	C:\WINDOWS\System32\ADVAPI32.dll
0x00007ffebaa90000 - 0x00007ffebab2f000 	C:\WINDOWS\System32\sechost.dll
0x00007ffebab40000 - 0x00007ffebac60000 	C:\WINDOWS\System32\RPCRT4.dll
0x00007ffeb8d00000 - 0x00007ffeb8d27000 	C:\WINDOWS\System32\bcrypt.dll
0x00007ffebb040000 - 0x00007ffebb0ab000 	C:\WINDOWS\System32\WS2_32.dll
0x00007ffeb8530000 - 0x00007ffeb857b000 	C:\WINDOWS\SYSTEM32\POWRPROF.dll
0x00007ffea7480000 - 0x00007ffea74a7000 	C:\WINDOWS\SYSTEM32\WINMM.dll
0x00007ffeb0a30000 - 0x00007ffeb0a3a000 	C:\WINDOWS\SYSTEM32\VERSION.dll
0x00007ffeb8510000 - 0x00007ffeb8522000 	C:\WINDOWS\SYSTEM32\UMPDC.dll
0x00007ffeb6fe0000 - 0x00007ffeb6ff2000 	C:\WINDOWS\SYSTEM32\kernel.appcore.dll
0x00007ffe8dac0000 - 0x00007ffe8daca000 	C:\Users\ACER\.jdks\graalvm-jdk-24.0.2\bin\jimage.dll
0x00007ffeb6ae0000 - 0x00007ffeb6ce1000 	C:\WINDOWS\SYSTEM32\DBGHELP.DLL
0x00007ffe97e10000 - 0x00007ffe97e44000 	C:\WINDOWS\SYSTEM32\dbgcore.DLL
0x00007ffeb9080000 - 0x00007ffeb9102000 	C:\WINDOWS\System32\bcryptPrimitives.dll
0x00007ffe9b840000 - 0x00007ffe9b84f000 	C:\Users\ACER\.jdks\graalvm-jdk-24.0.2\bin\instrument.dll
0x00007ffe79c50000 - 0x00007ffe79c6e000 	C:\Users\ACER\.jdks\graalvm-jdk-24.0.2\bin\java.dll
0x00007ffeb93b0000 - 0x00007ffeb94db000 	C:\WINDOWS\System32\ole32.dll
0x00007ffeba190000 - 0x00007ffeba4e4000 	C:\WINDOWS\System32\combase.dll
0x00007ffeb94e0000 - 0x00007ffeb9c50000 	C:\WINDOWS\System32\SHELL32.dll
0x00007ffeb59c0000 - 0x00007ffeb6165000 	C:\WINDOWS\SYSTEM32\windows.storage.dll
0x00007ffeb8140000 - 0x00007ffeb816b000 	C:\WINDOWS\SYSTEM32\Wldp.dll
0x00007ffeba6c0000 - 0x00007ffeba78d000 	C:\WINDOWS\System32\OLEAUT32.dll
0x00007ffeba790000 - 0x00007ffeba83d000 	C:\WINDOWS\System32\SHCORE.dll
0x00007ffeba970000 - 0x00007ffeba9cb000 	C:\WINDOWS\System32\shlwapi.dll
0x00007ffeb86b0000 - 0x00007ffeb86d4000 	C:\WINDOWS\SYSTEM32\profapi.dll
0x00007ffe79830000 - 0x00007ffe79907000 	C:\Users\ACER\.jdks\graalvm-jdk-24.0.2\bin\jsvml.dll

JVMTI agents:
C:\Program Files\JetBrains\IntelliJ IDEA 2025.2.1\lib\idea_rt.jar path:none, loaded, not initialized, instrumentlib options:56471

dbghelp: loaded successfully - version: 4.0.5 - missing functions: none
symbol engine: initialized successfully - sym options: 0x614 - pdb path: .;C:\Users\ACER\.jdks\graalvm-jdk-24.0.2\bin;C:\WINDOWS\SYSTEM32;C:\WINDOWS\WinSxS\amd64_microsoft.windows.common-controls_6595b64144ccf1df_6.0.19041.6456_none_60b8a6cb71f64256;C:\Users\ACER\.jdks\graalvm-jdk-24.0.2\bin\server

VM Arguments:
jvm_args: -XX:ThreadPriorityPolicy=1 -XX:+UnlockExperimentalVMOptions -XX:+EnableJVMCIProduct -XX:-UnlockExperimentalVMOptions -javaagent:C:\Program Files\JetBrains\IntelliJ IDEA 2025.2.1\lib\idea_rt.jar=56471 -Dfile.encoding=UTF-8 -Dsun.stdout.encoding=UTF-8 -Dsun.stderr.encoding=UTF-8 
java_command: org.example.bookvexebej2e.BookvexeBeJ2eApplication
java_class_path (initial): E:\sgu doc\j2ee\bookvexe-be-j2e\target\classes;C:\Users\ACER\.m2\repository\org\springframework\boot\spring-boot-starter-data-jpa\3.5.6\spring-boot-starter-data-jpa-3.5.6.jar;C:\Users\ACER\.m2\repository\org\springframework\boot\spring-boot-starter\3.5.6\spring-boot-starter-3.5.6.jar;C:\Users\ACER\.m2\repository\org\springframework\boot\spring-boot-starter-logging\3.5.6\spring-boot-starter-logging-3.5.6.jar;C:\Users\ACER\.m2\repository\ch\qos\logback\logback-classic\1.5.18\logback-classic-1.5.18.jar;C:\Users\ACER\.m2\repository\ch\qos\logback\logback-core\1.5.18\logback-core-1.5.18.jar;C:\Users\ACER\.m2\repository\org\apache\logging\log4j\log4j-to-slf4j\2.24.3\log4j-to-slf4j-2.24.3.jar;C:\Users\ACER\.m2\repository\org\apache\logging\log4j\log4j-api\2.24.3\log4j-api-2.24.3.jar;C:\Users\ACER\.m2\repository\org\slf4j\jul-to-slf4j\2.0.17\jul-to-slf4j-2.0.17.jar;C:\Users\ACER\.m2\repository\jakarta\annotation\jakarta.annotation-api\2.1.1\jakarta.annotation-api-2.1.1.jar;C:\Users\ACER\.m2\repository\org\yaml\snakeyaml\2.4\snakeyaml-2.4.jar;C:\Users\ACER\.m2\repository\org\springframework\boot\spring-boot-starter-jdbc\3.5.6\spring-boot-starter-jdbc-3.5.6.jar;C:\Users\ACER\.m2\repository\com\zaxxer\HikariCP\6.3.3\HikariCP-6.3.3.jar;C:\Users\ACER\.m2\repository\org\springframework\spring-jdbc\6.2.11\spring-jdbc-6.2.11.jar;C:\Users\ACER\.m2\repository\org\hibernate\orm\hibernate-core\6.6.29.Final\hibernate-core-6.6.29.Final.jar;C:\Users\ACER\.m2\repository\jakarta\persistence\jakarta.persistence-api\3.1.0\jakarta.persistence-api-3.1.0.jar;C:\Users\ACER\.m2\repository\jakarta\transaction\jakarta.transaction-api\2.0.1\jakarta.transaction-api-2.0.1.jar;C:\Users\ACER\.m2\repository\org\jboss\logging\jboss-logging\3.6.1.Final\jboss-logging-3.6.1.Final.jar;C:\Users\ACER\.m2\repository\org\hibernate\common\hibernate-commons-annotations\7.0.3.Final\hibernate-commons-annotations-7.0.3.Final.jar;C:\Users\ACER\.m2\repository\io\smallrye\jandex\3.2.0\jandex-3.2.0.jar;C:\Users\ACER\.m2\repository\com\fasterxml\classmate\1.7.0\classmate-1.7.0.jar;C:\Users\ACER\.m2\repository\net\bytebuddy\byte-buddy\1.17.7\byte-buddy-1.17.7.jar;C:\Users\ACER\.m2\repository\org\glassfish\jaxb\jaxb-runtime\4.0.5\jaxb-runtime-4.0.5.jar;C:\Users\ACER\.m2\repository\org\glassfish\jaxb\jaxb-core\4.0.5\jaxb-core-4.0.5.jar;C:\Users\ACER\.m2\repository\org\eclipse\angus\angus-activation\2.0.2\angus-activation-2.0.2.jar;C:\Users\ACER\.m2\repository\org\glassfish\jaxb\txw2\4.0.5\txw2-4.0.5.jar;C:\Users\ACER\.m2\repository\com\sun\istack\istack-commons-runtime\4.1.2\istack-commons-runtime-4.1.2.jar;C:\Users\ACER\.m2\repository\jakarta\inject\jakarta.inject-api\2.0.1\jakarta.inject-api-2.0.1.jar;C:\Users\ACER\.m2\repository\org\antlr\antlr4-runtime\4.13.0\antlr4-runtime-4.13.0.jar;C:\Users\ACER\.m2\repository\org\springframework\data\spring-data-jpa\3.5.4\spring-data-jpa-3.5.4.jar;C:\Users\ACER\.m2\repository\org\springframework\data\spring-data-commons\3.5.4\spring-data-commons-3.5.4.jar;C:\Users\ACER\.m2\repository\org\springframework\spring-orm\6.2.11\spring-orm-6.2.11.jar;C:\Users\ACER\.m2\repository\org\springframework\spring-context\6.2.11\spring-context-6.2.11.jar;C:\Users\ACER\.m2\repository\org\springframework\spring-tx\6.2.11\spring-tx-6.2.11.jar;C:\Users\ACER\.m2\repository\org\springframework\spring-beans\6.2.11\spring-beans-6.2.11.jar;C:\Users\ACER\.m2\repository\org\slf4j\slf4j-api\2.0.17\slf4j-api-2.0.17.jar;C:\Users\ACER\.m2\repository\org\springframework\spring-aspects\6.2.11\spring-aspects-6.2.11.jar;C:\Users\ACER\.m2\repository\org\aspectj\aspectjweaver\1.9.24\aspectjweaver-1.9.24.jar;C:\Users\ACER\.m2\repository\org\springframework\boot\spring-boot-starter-oauth2-authorization-server\3.5.6\spring-boot-starter-oauth2-authorization-server-3.5.6.jar;C:\Users\ACER\.m2\repository\org\springframework\security\spring-security-oauth2-authorization-server\1.5.2\spring-security-oauth2-authorization-server-1.5.2.jar;C:\Users\ACER\.m2\repository\org\springframework\security\spring-security-oauth2-core\6.5.5\spring-security-oauth2-core-6.5.5.jar;C:\Users\ACER\.m2\repository\com\nimbusds\nimbus-jose-jwt\9.47\nimbus-jose-jwt-9.47.jar;C:\Users\ACER\.m2\repository\org\springframework\boot\spring-boot-starter-oauth2-client\3.5.6\spring-boot-starter-oauth2-client-3.5.6.jar;C:\Users\ACER\.m2\repository\org\springframework\security\spring-security-config\6.5.5\spring-security-config-6.5.5.jar;C:\Users\ACER\.m2\repository\org\springframework\security\spring-security-core\6.5.5\spring-security-core-6.5.5.jar;C:\Users\ACER\.m2\repository\org\springframework\security\spring-security-crypto\6.5.5\spring-security-crypto-6.5.5.jar;C:\Users\ACER\.m2\repository\org\springframework\spring-expression\6.2.11\spring-expression-6.2.11.jar;C:\Users\ACER\.m2\repository\io\micrometer\micrometer-observation\1.15.4\micrometer-observation-1.15.4.jar;C:\Users\ACER\.m2\repository\io\micrometer\micrometer-commons\1.15.4\micrometer-commons-1.15.4.jar;C:\Users\ACER\.m2\repository\org\springframework\security\spring-security-oauth2-client\6.5.5\spring-security-oauth2-client-6.5.5.jar;C:\Users\ACER\.m2\repository\com\nimbusds\oauth2-oidc-sdk\9.43.6\oauth2-oidc-sdk-9.43.6.jar;C:\Users\ACER\.m2\repository\com\github\stephenc\jcip\jcip-annotations\1.0-1\jcip-annotations-1.0-1.jar;C:\Users\ACER\.m2\repository\com\nimbusds\content-type\2.2\content-type-2.2.jar;C:\Users\ACER\.m2\repository\com\nimbusds\lang-tag\1.7\lang-tag-1.7.jar;C:\Users\ACER\.m2\repository\org\springframework\security\spring-security-oauth2-jose\6.5.5\spring-security-oauth2-jose-6.5.5.jar;C:\Users\ACER\.m2\repository\org\springframework\boot\spring-boot-starter-oauth2-resource-server\3.5.6\spring-boot-starter-oauth2-resource-server-3.5.6.jar;C:\Users\ACER\.m2\repository\org\springframework\security\spring-security-oauth2-resource-server\6.5.5\spring-security-oauth2-resource-server-6.5.5.jar;C:\Users\ACER\.m2\repository\org\springframework\boot\spring-boot-starter-security\3.5.6\spring-boot-starter-security-3.5.6.jar;C:\Users\ACER\.m2\repository\org\springframework\spring-aop\6.2.11\spring-aop-6.2.11.jar;C:\Users\ACER\.m2\repository\org\springframework\security\spring-security-web\6.5.5\spring-security-web-6.5.5.jar;C:\Users\ACER\.m2\repository\org\springframework\boot\spring-boot-starter-validation\3.5.6\spring-boot-starter-validation-3.5.6.jar;C:\Users\ACER\.m2\repository\org\apache\tomcat\embed\tomcat-embed-el\10.1.46\tomcat-embed-el-10.1.46.jar;C:\Users\ACER\.m2\repository\org\hibernate\validator\hibernate-validator\8.0.3.Final\hibernate-validator-8.0.3.Final.jar;C:\Users\ACER\.m2\repository\jakarta\validation\jakarta.validation-api\3.0.2\jakarta.validation-api-3.0.2.jar;C:\Users\ACER\.m2\repository\org\springframework\boot\spring-boot-starter-websocket\3.5.6\spring-boot-starter-websocket-3.5.6.jar;C:\Users\ACER\.m2\repository\org\springframework\spring-messaging\6.2.11\spring-messaging-6.2.11.jar;C:\Users\ACER\.m2\repository\org\springframework\spring-websocket\6.2.11\spring-websocket-6.2.11.jar;C:\Users\ACER\.m2\repository\org\springframework\boot\spring-boot-devtools\3.5.6\spring-boot-devtools-3.5.6.jar;C:\Users\ACER\.m2\repository\org\springframework\boot\spring-boot\3.5.6\spring-boot-3.5.6.jar;C:\Users\ACER\.m2\repository\org\springframework\boot\spring-boot-autoconfigure\3.5.6\spring-boot-autoconfigure-3.5.6.jar;C:\Users\ACER\.m2\repository\org\springframework\boot\spring-boot-docker-compose\3.5.6\spring-boot-docker-compose-3.5.6.jar;C:\Users\ACER\.m2\repository\com\fasterxml\jackson\core\jackson-databind\2.19.2\jackson-databind-2.19.2.jar;C:\Users\ACER\.m2\repository\com\fasterxml\jackson\core\jackson-annotations\2.19.2\jackson-annotations-2.19.2.jar;C:\Users\ACER\.m2\repository\com\fasterxml\jackson\core\jackson-core\2.19.2\jackson-core-2.19.2.jar;C:\Users\ACER\.m2\repository\com\fasterxml\jackson\module\jackson-module-parameter-names\2.19.2\jackson-module-parameter-names-2.19.2.jar;C:\Users\ACER\.m2\repository\com\mysql\mysql-connector-j\9.4.0\mysql-connector-j-9.4.0.jar;C:\Users\ACER\.m2\repository\org\springframework\boot\spring-boot-configuration-processor\3.5.6\spring-boot-configuration-processor-3.5.6.jar;C:\Users\ACER\.m2\repository\org\projectlombok\lombok\1.18.40\lombok-1.18.40.jar;C:\Users\ACER\.m2\repository\jakarta\xml\bind\jakarta.xml.bind-api\4.0.2\jakarta.xml.bind-api-4.0.2.jar;C:\Users\ACER\.m2\repository\jakarta\activation\jakarta.activation-api\2.1.4\jakarta.activation-api-2.1.4.jar;C:\Users\ACER\.m2\repository\net\minidev\json-smart\2.5.2\json-smart-2.5.2.jar;C:\Users\ACER\.m2\repository\net\minidev\accessors-smart\2.5.2\accessors-smart-2.5.2.jar;C:\Users\ACER\.m2\repository\org\ow2\asm\asm\9.7.1\asm-9.7.1.jar;C:\Users\ACER\.m2\repository\org\springframework\spring-core\6.2.11\spring-core-6.2.11.jar;C:\Users\ACER\.m2\repository\org\springframework\spring-jcl\6.2.11\spring-jcl-6.2.11.jar;C:\Users\ACER\.m2\repository\org\springdoc\springdoc-openapi-starter-webmvc-ui\2.8.13\springdoc-openapi-starter-webmvc-ui-2.8.13.jar;C:\Users\ACER\.m2\repository\org\springdoc\springdoc-openapi-starter-webmvc-api\2.8.13\springdoc-openapi-starter-webmvc-api-2.8.13.jar;C:\Users\ACER\.m2\repository\org\springdoc\springdoc-openapi-starter-common\2.8.13\springdoc-openapi-starter-common-2.8.13.jar;C:\Users\ACER\.m2\repository\io\swagger\core\v3\swagger-core-jakarta\2.2.36\swagger-core-jakarta-2.2.36.jar;C:\Users\ACER\.m2\repository\io\swagger\core\v3\swagger-annotations-jakarta\2.2.36\swagger-annotations-jakarta-2.2.36.jar;C:\Users\ACER\.m2\repository\io\swagger\core\v3\swagger-models-jakarta\2.2.36\swagger-models-jakarta-2.2.36.jar;C:\Users\ACER\.m2\repository\com\fasterxml\jackson\dataformat\jackson-dataformat-yaml\2.19.2\jackson-dataformat-yaml-2.19.2.jar;C:\Users\ACER\.m2\repository\org\webjars\swagger-ui\5.28.1\swagger-ui-5.28.1.jar;C:\Users\ACER\.m2\repository\org\webjars\webjars-locator-lite\1.1.0\webjars-locator-lite-1.1.0.jar;C:\Users\ACER\.m2\repository\org\jspecify\jspecify\1.0.0\jspecify-1.0.0.jar;C:\Users\ACER\.m2\repository\org\springframework\boot\spring-boot-starter-web\3.5.6\spring-boot-starter-web-3.5.6.jar;C:\Users\ACER\.m2\repository\org\springframework\boot\spring-boot-starter-json\3.5.6\spring-boot-starter-json-3.5.6.jar;C:\Users\ACER\.m2\repository\com\fasterxml\jackson\datatype\jackson-datatype-jdk8\2.19.2\jackson-datatype-jdk8-2.19.2.jar;C:\Users\ACER\.m2\repository\com\fasterxml\jackson\datatype\jackson-datatype-jsr310\2.19.2\jackson-datatype-jsr310-2.19.2.jar;C:\Users\ACER\.m2\repository\org\springframework\boot\spring-boot-starter-tomcat\3.5.6\spring-boot-starter-tomcat-3.5.6.jar;C:\Users\ACER\.m2\repository\org\apache\tomcat\embed\tomcat-embed-core\10.1.46\tomcat-embed-core-10.1.46.jar;C:\Users\ACER\.m2\repository\org\apache\tomcat\embed\tomcat-embed-websocket\10.1.46\tomcat-embed-websocket-10.1.46.jar;C:\Users\ACER\.m2\repository\org\springframework\spring-web\6.2.11\spring-web-6.2.11.jar;C:\Users\ACER\.m2\repository\org\springframework\spring-webmvc\6.2.11\spring-webmvc-6.2.11.jar;C:\Users\ACER\.m2\repository\org\flywaydb\flyway-core\11.13.2\flyway-core-11.13.2.jar;C:\Users\ACER\.m2\repository\org\flywaydb\flyway-mysql\11.13.2\flyway-mysql-11.13.2.jar;C:\Users\ACER\.m2\repository\com\querydsl\querydsl-core\5.1.0\querydsl-core-5.1.0.jar;C:\Users\ACER\.m2\repository\com\mysema\commons\mysema-commons-lang\0.2.4\mysema-commons-lang-0.2.4.jar;C:\Users\ACER\.m2\repository\com\querydsl\querydsl-jpa\5.1.0\querydsl-jpa-5.1.0-jakarta.jar;C:\Users\ACER\.m2\repository\org\apache\commons\commons-lang3\3.19.0\commons-lang3-3.19.0.jar
Launcher Type: SUN_STANDARD

[Global flags]
     intx CICompilerCount                          = 3                                         {product} {ergonomic}
     uint ConcGCThreads                            = 1                                         {product} {ergonomic}
     bool EnableJVMCIProduct                       = true                                {JVMCI product} {jimage}
     uint G1ConcRefinementThreads                  = 4                                         {product} {ergonomic}
   size_t G1HeapRegionSize                         = 2097152                                   {product} {ergonomic}
   size_t InitialHeapSize                          = 199229440                                 {product} {ergonomic}
   size_t MarkStackSize                            = 4194304                                   {product} {ergonomic}
   size_t MarkStackSizeMax                         = 536870912                                 {product} {ergonomic}
   size_t MaxHeapSize                              = 3170893824                                {product} {ergonomic}
   size_t MaxNewSize                               = 1902116864                                {product} {ergonomic}
   size_t MinHeapDeltaBytes                        = 2097152                                   {product} {ergonomic}
   size_t MinHeapSize                              = 8388608                                   {product} {ergonomic}
    uintx NonNMethodCodeHeapSize                   = 6356992                                {pd product} {ergonomic}
    uintx NonProfiledCodeHeapSize                  = 122683392                              {pd product} {ergonomic}
    uintx ProfiledCodeHeapSize                     = 122617856                              {pd product} {ergonomic}
    uintx ReservedCodeCacheSize                    = 251658240                              {pd product} {ergonomic}
     bool SegmentedCodeCache                       = true                                      {product} {ergonomic}
   size_t SoftMaxHeapSize                          = 3170893824                             {manageable} {ergonomic}
      int ThreadPriorityPolicy                     = 1                                         {product} {jimage}
     bool UseCompressedOops                        = true                           {product lp64_product} {ergonomic}
     bool UseG1GC                                  = true                                      {product} {ergonomic}
     bool UseLargePagesIndividualAllocation        = false                                  {pd product} {ergonomic}

Logging:
Log output configuration:
 #0: stdout all=warning uptime,level,tags foldmultilines=false
 #1: stderr all=off uptime,level,tags foldmultilines=false

Environment Variables:
JAVA_HOME=C:\Users\ACER\.jdks\graalvm-jdk-24.0.2
PATH=C:\Program Files\ImageMagick-7.1.1-Q16-HDRI;C:\Windows\system32;C:\Windows;C:\Windows\System32\Wbem;C:\Windows\System32\WindowsPowerShell\v1.0\;C:\Windows\System32\OpenSSH\;C:\Program Files\Microsoft SQL Server\150\Tools\Binn\;C:\Program Files\Microsoft SQL Server\Client SDK\ODBC\170\Tools\Binn\;C:\Program Files\dotnet\;C:\Program Files\Git\cmd;C:\Program Files (x86)\Microsoft SQL Server\150\Tools\Binn\;C:\Program Files\Microsoft SQL Server\150\DTS\Binn\;C:\WINDOWS\system32;C:\WINDOWS;C:\WINDOWS\System32\Wbem;C:\WINDOWS\System32\WindowsPowerShell\v1.0\;C:\WINDOWS\System32\OpenSSH\;C:\Program Files\Go\bin;C:\Program Files\PowerShell\7\;C:\Program Files\Apollo;C:\Program Files\Apollo\tools;C:\Program Files\PuTTY\;C:\ffmpeg-n5.0-latest-win64-gpl-5.0\bin;C:\Program Files\Tailscale\;C:\Program Files\nodejs\;C:\Users\ACER\AppData\Local\Programs\Python\Python313\Scripts\;C:\Users\ACER\AppData\Local\Programs\Python\Python313\;C:\Users\ACER\AppData\Local\Programs\Python\Launcher\;C:\Users\ACER\.local\bin;C:\Users\ACER\AppData\Local\Microsoft\WindowsApps;C:\Users\ACER\AppData\Local\Programs\Microsoft VS Code\bin;C:\Program Files\Azure Data Studio\bin;C:\Users\ACER\.dotnet\tools;C:\msys64\ucrt64\bin;C:\Users\ACER\go\bin;C:\Program Files (x86)\Nmap;C:\Users\ACER\.dotnet\tools;C:\Users\ACER\AppData\Local\Microsoft\WindowsApps;C:\Users\ACER\AppData\Roaming\npm
USERNAME=ACER
OS=Windows_NT
PROCESSOR_IDENTIFIER=Intel64 Family 6 Model 156 Stepping 0, GenuineIntel
TMP=C:\Users\ACER\AppData\Local\Temp
TEMP=C:\Users\ACER\AppData\Local\Temp




Periodic native trim disabled

---------------  S Y S T E M  ---------------

OS:
 Windows 10 , 64 bit Build 19041 (10.0.19041.5915)
OS uptime: 0 days 4:07 hours

CPU: total 4 (initial active 4) (4 cores per cpu, 1 threads per core) family 6 model 156 stepping 0 microcode 0x1d, cx8, cmov, fxsr, mmx, 3dnowpref, sse, sse2, sse3, ssse3, sse4.1, sse4.2, popcnt, tsc, tscinvbit, aes, erms, clmul, sha, clflush, clflushopt, clwb, rdtscp, rdpid
Processor Information for the first 4 processors :
  Max Mhz: 1114, Current Mhz: 1114, Mhz Limit: 1114

Memory: 4k page, system-wide physical 12093M (1782M free)
TotalPageFile size 16189M (AvailPageFile size 14M)
current process WorkingSet (physical memory assigned to process): 33M, peak: 33M
current process commit charge ("private bytes"): 265M, peak: 283M

vm_info: Java HotSpot(TM) 64-Bit Server VM (24.0.2+11-jvmci-b01) for windows-amd64 JRE (24.0.2+11-jvmci-b01), built on 2025-06-30T23:43:41Z with MS VC++ 17.6 (VS2022)

END.
