#
# A fatal error has been detected by the Java Runtime Environment:
#
#  Internal Error (jvmciRuntime.cpp:1637), pid=8660, tid=6200
#  fatal error: Fatal JVMCI exception (see JVMCI Events for stack trace): Uncaught exception exiting libjvmci JVMCIEnv scope entered at s\open\src\hotspot\share\compiler\compileBroker.cpp:2239
#
# JRE version: Java(TM) SE Runtime Environment Oracle GraalVM 24.0.2+11.1 (24.0.2+11) (build 24.0.2+11-jvmci-b01)
# Java VM: Java HotSpot(TM) 64-Bit Server VM Oracle GraalVM 24.0.2+11.1 (24.0.2+11-jvmci-b01, mixed mode, sharing, tiered, jvmci, jvmci compiler, compressed oops, compressed class ptrs, g1 gc, windows-amd64)
# Problematic frame:
# V  [jvm.dll+0x5790b4]
#
# No core dump will be written. Minidumps are not enabled by default on client versions of Windows
#
# If you would like to submit a bug report, please visit:
#   https://bugreport.java.com/bugreport/crash.jsp
#

---------------  S U M M A R Y ------------

Command Line: -XX:ThreadPriorityPolicy=1 -XX:+UnlockExperimentalVMOptions -XX:+EnableJVMCIProduct -XX:-UnlockExperimentalVMOptions -javaagent:C:\Program Files\JetBrains\IntelliJ IDEA 2025.2.1\lib\idea_rt.jar=56482 -Dfile.encoding=UTF-8 -Dsun.stdout.encoding=UTF-8 -Dsun.stderr.encoding=UTF-8 org.example.bookvexebej2e.BookvexeBeJ2eApplication

Host: Intel(R) Pentium(R) Silver N6000 @ 1.10GHz, 4 cores, 11G,  Windows 10 , 64 bit Build 19041 (10.0.19041.5915)
Time: Thu Oct 16 18:59:04 2025 China Standard Time elapsed time: 0.316303 seconds (0d 0h 0m 0s)

---------------  T H R E A D  ---------------

Current thread (0x000001857a06b490):  JavaThread "JVMCI-native CompilerThread0" daemon [_thread_in_vm, id=6200, stack(0x0000000101400000,0x0000000101500000) (1024K)]


Current CompileTask:
JVMCI-native:316  296       4       java.lang.StringCoding::countPositives (33 bytes)

Stack: [0x0000000101400000,0x0000000101500000],  sp=0x00000001014fedd0,  free space=1019k
Native frames: (J=compiled Java code, j=interpreted, Vv=VM code, C=native code)
V  [jvm.dll+0x5790b4]  (no source info available)
V  [jvm.dll+0x5589d4]  (no source info available)
V  [jvm.dll+0x27de87]  (no source info available)
V  [jvm.dll+0x27c36a]  (no source info available)
V  [jvm.dll+0x42f396]  (no source info available)
V  [jvm.dll+0x87d9eb]  (no source info available)
V  [jvm.dll+0x72ef45]  (no source info available)
C  [ucrtbase.dll+0x21bb2]  (no source info available)
C  [KERNEL32.DLL+0x17374]  (no source info available)
C  [ntdll.dll+0x4cc91]  (no source info available)




Registers:
RAX=0x0000018567cf0000, RBX=0x000001857a06b490, RCX=0x00000000e0000000, RDX=0x00007ffe46264958
RSP=0x00000001014fedd0, RBP=0x0000000000000048, RSI=0x00000001014feec0, RDI=0x00000001014ff1e0
R8 =0x0000000000000665, R9 =0x00007ffe46265870, R10=0x00007ffe46263670, R11=0x000001857a04b048
R12=0x000001850f1ca740, R13=0x0000000000000000, R14=0x0000000000000020, R15=0x00000185679a2220
RIP=0x00007ffe45d690b4, EFLAGS=0x0000000000010206

XMM[0]=0x73206e6f69747065 0x63786520676e6974
XMM[1]=0x676e69727473206f 0x74206b6361747320
XMM[2]=0x0a0a0a0a0a0a0a0a 0x0a0a0a0a0a0a0a0a
XMM[3]=0x0000000000000000 0x0000000000000000
XMM[4]=0x0000000000000000 0x0000000000000000
XMM[5]=0x0000000000000000 0x0000000000000000
XMM[6]=0x0000000000000000 0x0000000000000000
XMM[7]=0x0000000000000000 0x0000000000000000
XMM[8]=0x0000000000000000 0x0000000000000000
XMM[9]=0x0000000000000000 0x0000000000000000
XMM[10]=0x0000000000000000 0x0000000000000000
XMM[11]=0x0000000000000000 0x0000000000000000
XMM[12]=0x0000000000000000 0x0000000000000000
XMM[13]=0x0000000000000000 0x0000000000000000
XMM[14]=0x0000000000000000 0x0000000000000000
XMM[15]=0x0000000000000000 0x0000000000000000
  MXCSR=0x00001fa3


Register to memory mapping:

RAX=0x0000018567cf0000 points into unknown readable memory: 0x0000000000000058 | 58 00 00 00 00 00 00 00
RBX=0x000001857a06b490 is a thread
RCX=0x00000000e0000000 is an unknown value
RDX=0x00007ffe46264958 jvm.dll
RSP=0x00000001014fedd0 is pointing into the stack for thread: 0x000001857a06b490
RBP=0x0000000000000048 is an unknown value
RSI=0x00000001014feec0 is pointing into the stack for thread: 0x000001857a06b490
RDI=0x00000001014ff1e0 is pointing into the stack for thread: 0x000001857a06b490
R8 =0x0000000000000665 is an unknown value
R9 =0x00007ffe46265870 jvm.dll
R10=0x00007ffe46263670 jvm.dll
R11=0x000001857a04b048 points into unknown readable memory: 0x652064657473656e | 6e 65 73 74 65 64 20 65
R12={method} {0x000001850f1ca748} 'countPositives' '([BII)I' in 'java/lang/StringCoding'
R13=0x0 is null
R14=0x0000000000000020 is an unknown value
R15=0x00000185679a2220 points into unknown readable memory: 0x7468677561636e75 | 75 6e 63 61 75 67 68 74

Top of Stack: (sp=0x00000001014fedd0)
0x00000001014fedd0:   000001857a06b490 0000000000000048   ...z....H.......
0x00000001014fede0:   000001857a06bc30 00007ffe46265870   0..z....pX&F....
0x00000001014fedf0:   00000001014feec0 0000000000000000   ..O.............
0x00000001014fee00:   000001857a06b490 00007ffe45d489d4   ...z.......E....
0x00000001014fee10:   00000001014ff1e0 0000000000000003   ..O.............
0x00000001014fee20:   00007ffe46263960 00007ffe46263950   `9&F....P9&F....
0x00000001014fee30:   00007ffe46216ee0 00000001000008bf   .n!F............
0x00000001014fee40:   0000aba0f8e791e7 00000001014ff1e0   ..........O.....
0x00000001014fee50:   0000aba0f8e79027 0000000000000000   '...............
0x00000001014fee60:   00000001014fef30 00000001014ff1b0   0.O.......O.....
0x00000001014fee70:   000001857a06b490 000001857a06b490   ...z.......z....
0x00000001014fee80:   000001857a058b00 000001857a054260   ...z....`B.z....
0x00000001014fee90:   000001857a054270 000001857a054348   pB.z....HC.z....
0x00000001014feea0:   00000000000000d8 00000001014ffbd8   ..........O.....
0x00000001014feeb0:   0000018554039300 000001857a06b090   ...T.......z....
0x00000001014feec0:   7468677561636e55 6974706563786520   Uncaught excepti
0x00000001014feed0:   6974697865206e6f 766a62696c20676e   on exiting libjv
0x00000001014feee0:   434d564a2069636d 6f637320766e4549   mci JVMCIEnv sco
0x00000001014feef0:   7265746e65206570 5c73207461206465   pe entered at s\
0x00000001014fef00:   6372735c6e65706f 746f7073746f685c   open\src\hotspot
0x00000001014fef10:   635c65726168735c 5c72656c69706d6f   \share\compiler\
0x00000001014fef20:   42656c69706d6f63 70632e72656b6f72   compileBroker.cp
0x00000001014fef30:   8000393332323a70 00007ffe45f14300   p:2239...C.E....
0x00000001014fef40:   0000000000000002 0000000000000000   ................
0x00000001014fef50:   8000000000000001 00007ffe45f14300   .........C.E....
0x00000001014fef60:   000001857a058b00 000001857a054260   ...z....`B.z....
0x00000001014fef70:   000001857a054270 000001857a054348   pB.z....HC.z....
0x00000001014fef80:   000001857a06b490 000001857a058b00   ...z.......z....
0x00000001014fef90:   000001857a054260 000001857a054270   `B.z....pB.z....
0x00000001014fefa0:   000001857a054348 00000000000000d8   HC.z............
0x00000001014fefb0:   00000001014ffbd8 00007ffe45d4873d   ..O.....=..E....
0x00000001014fefc0:   0000aba0f8e792f7 0000000000000000   ................

Instructions: (pc=0x00007ffe45d690b4)
  0x00007ffe45d68fb4:   8b cb e8 45 d0 21 00 8b 8b 50 04 00 00 f6 c1 0c
  0x00007ffe45d68fc4:   74 08 48 8b cb e8 62 40 eb ff 48 8b c6 c7 83 54
  0x00007ffe45d68fd4:   04 00 00 08 00 00 00 48 8b 8d c0 27 00 00 48 33
  0x00007ffe45d68fe4:   cc e8 96 d8 3d 00 48 8b 9c 24 18 29 00 00 48 81
  0x00007ffe45d68ff4:   c4 d0 28 00 00 41 5f 41 5e 41 5d 41 5c 5f 5e 5d
  0x00007ffe45d69004:   c3 cc cc cc cc cc cc cc cc cc cc cc 48 89 5c 24
  0x00007ffe45d69014:   08 48 89 74 24 10 57 48 83 ec 30 48 8b f2 48 8b
  0x00007ffe45d69024:   f9 e8 96 29 a9 ff 44 8b 05 87 3a 73 00 48 8b d8
  0x00007ffe45d69034:   45 85 c0 75 49 33 d2 45 8d 48 08 48 8d 0d 72 3a
  0x00007ffe45d69044:   73 00 44 8d 42 01 e8 11 d6 ff ff 85 c0 75 2f 48
  0x00007ffe45d69054:   8b 0d 2e 4b 6c 00 48 8b d6 e8 1e 2e 00 00 48 85
  0x00007ffe45d69064:   ff 74 11 48 8b 15 1a 4b 6c 00 48 8b cf e8 7a 27
  0x00007ffe45d69074:   fe ff eb 17 48 8b cb e8 60 f1 ff ff eb 0d ba c8
  0x00007ffe45d69084:   00 00 00 48 8b cb e8 d1 66 eb ff 48 8b 05 9a 60
  0x00007ffe45d69094:   6b 00 4c 8d 0d d3 c7 4f 00 41 b8 65 06 00 00 48
  0x00007ffe45d690a4:   89 74 24 20 48 8d 15 a9 b8 4f 00 b9 00 00 00 e0
=>0x00007ffe45d690b4:   c6 00 58 e8 a4 0b d3 ff cc cc cc cc 48 89 5c 24
  0x00007ffe45d690c4:   18 41 56 48 83 ec 20 48 8b 1d f6 8c 74 00 4c 8b
  0x00007ffe45d690d4:   f1 48 85 db 74 08 48 8b cb e8 9e 2e 18 00 48 89
  0x00007ffe45d690e4:   74 24 30 48 89 7c 24 38 e8 0f be f5 ff 84 c0 74
  0x00007ffe45d690f4:   10 49 8b ce e8 63 38 00 00 48 8b f8 e9 d9 00 00
  0x00007ffe45d69104:   00 33 f6 39 35 1f 75 6b 00 75 41 48 8b 3d 82 25
  0x00007ffe45d69114:   73 00 48 85 ff 0f 84 f0 00 00 00 8b 47 58 83 f8
  0x00007ffe45d69124:   ff 75 1f 66 0f 1f 84 00 00 00 00 00 48 8b 0d 91
  0x00007ffe45d69134:   8c 74 00 33 d2 e8 92 32 18 00 8b 47 58 83 f8 ff
  0x00007ffe45d69144:   74 ea ff c0 89 47 58 e9 8e 00 00 00 49 8b 06 49
  0x00007ffe45d69154:   8b ce ff 50 38 48 8b 3d 38 25 73 00 0f b6 c8 48
  0x00007ffe45d69164:   85 ff 74 30 8b 15 be 74 6b 00 66 90 ff c6 3a 4f
  0x00007ffe45d69174:   5c 75 0c 8b 47 58 83 f8 ff 74 04 3b c2 7c 0b 48
  0x00007ffe45d69184:   8b 7f 30 48 85 ff 75 e4 eb 0a ff c0 89 47 58 48
  0x00007ffe45d69194:   85 ff 75 46 45 33 c0 b2 08 41 8d 48 60 e8 fa 57
  0x00007ffe45d691a4:   b4 ff 48 8b f8 48 85 c0 74 24 49 8b 16 49 8b ce


Stack slot to memory mapping:

stack at sp + 0 slots: 0x000001857a06b490 is a thread
stack at sp + 1 slots: 0x0000000000000048 is an unknown value
stack at sp + 2 slots: 0x000001857a06bc30 points into unknown readable memory: 0x6e616c2e6176616a | 6a 61 76 61 2e 6c 61 6e
stack at sp + 3 slots: 0x00007ffe46265870 jvm.dll
stack at sp + 4 slots: 0x00000001014feec0 is pointing into the stack for thread: 0x000001857a06b490
stack at sp + 5 slots: 0x0 is null
stack at sp + 6 slots: 0x000001857a06b490 is a thread
stack at sp + 7 slots: 0x00007ffe45d489d4 jvm.dll

Lock stack of current Java thread (top to bottom):


---------------  P R O C E S S  ---------------

Threads class SMR info:
_java_thread_list=0x00000185540b5b00, length=11, elements={
0x00000185679a4460, 0x000001857a05f220, 0x000001857a062120, 0x000001857a0683d0,
0x000001857a068f00, 0x000001857a069a30, 0x000001857a06a560, 0x000001857a06b490,
0x000001857a081510, 0x0000018554091760, 0x00000185540fcbd0
}

Java Threads: ( => current thread )
  0x00000185679a4460 JavaThread "main"                              [_thread_in_native, id=8636, stack(0x0000000100600000,0x0000000100700000) (1024K)]
  0x000001857a05f220 JavaThread "Reference Handler"          daemon [_thread_blocked, id=1324, stack(0x0000000100e00000,0x0000000100f00000) (1024K)]
  0x000001857a062120 JavaThread "Finalizer"                  daemon [_thread_blocked, id=3796, stack(0x0000000100f00000,0x0000000101000000) (1024K)]
  0x000001857a0683d0 JavaThread "Signal Dispatcher"          daemon [_thread_blocked, id=11876, stack(0x0000000101000000,0x0000000101100000) (1024K)]
  0x000001857a068f00 JavaThread "Attach Listener"            daemon [_thread_blocked, id=6992, stack(0x0000000101100000,0x0000000101200000) (1024K)]
  0x000001857a069a30 JavaThread "Service Thread"             daemon [_thread_blocked, id=12496, stack(0x0000000101200000,0x0000000101300000) (1024K)]
  0x000001857a06a560 JavaThread "Monitor Deflation Thread"   daemon [_thread_blocked, id=796, stack(0x0000000101300000,0x0000000101400000) (1024K)]
=>0x000001857a06b490 JavaThread "JVMCI-native CompilerThread0" daemon [_thread_in_vm, id=6200, stack(0x0000000101400000,0x0000000101500000) (1024K)]
  0x000001857a081510 JavaThread "C1 CompilerThread0"         daemon [_thread_blocked, id=6116, stack(0x0000000101500000,0x0000000101600000) (1024K)]
  0x0000018554091760 JavaThread "C1 CompilerThread1"         daemon [_thread_blocked, id=6112, stack(0x0000000101600000,0x0000000101700000) (1024K)]
  0x00000185540fcbd0 JavaThread "Common-Cleaner"             daemon [_thread_blocked, id=9304, stack(0x0000000101700000,0x0000000101800000) (1024K)]
Total: 11

Other Threads:
  0x000001857a04ef20 VMThread "VM Thread"                           [id=1372, stack(0x0000000100d00000,0x0000000100e00000) (1024K)]
  0x000001857a040e80 WatcherThread "VM Periodic Task Thread"        [id=10940, stack(0x0000000100c00000,0x0000000100d00000) (1024K)]
  0x0000018567a5e160 WorkerThread "GC Thread#0"                     [id=7380, stack(0x0000000100700000,0x0000000100800000) (1024K)]
  0x0000018569cec180 ConcurrentGCThread "G1 Main Marker"            [id=756, stack(0x0000000100800000,0x0000000100900000) (1024K)]
  0x0000018569ced430 WorkerThread "G1 Conc#0"                       [id=12828, stack(0x0000000100900000,0x0000000100a00000) (1024K)]
  0x0000018569d3eb00 ConcurrentGCThread "G1 Refine#0"               [id=12296, stack(0x0000000100a00000,0x0000000100b00000) (1024K)]
  0x0000018579f14810 ConcurrentGCThread "G1 Service"                [id=9364, stack(0x0000000100b00000,0x0000000100c00000) (1024K)]
Total: 7

Threads with active compile tasks:
JVMCI-native CompilerThread0  409  296       4       java.lang.StringCoding::countPositives (33 bytes)
Total: 1

VM state: not at safepoint (normal execution)

VM Mutex/Monitor currently owned by a thread: None

Heap address: 0x0000000743000000, size: 3024 MB, Compressed Oops mode: Zero based, Oop shift amount: 3

CDS archive(s) mapped at: [0x000001850f000000-0x000001850fd50000-0x000001850fd50000), size 13959168, SharedBaseAddress: 0x000001850f000000, ArchiveRelocationMode: 1.
Compressed class space mapped at: 0x0000018510000000-0x0000018550000000, reserved size: 1073741824
UseCompressedClassPointers 1, UseCompactObjectHeaders 0
Narrow klass pointer bits 32, Max shift 3
Narrow klass base: 0x000001850f000000, Narrow klass shift: 0
Encoding Range: [0x000001850f000000 - 0x000001860f000000), (4294967296 bytes)
Klass Range:    [0x000001850f000000 - 0x0000018550000000), (1090519040 bytes)
Klass ID Range:  [8 - 1090519033) (1090519025)

GC Precious Log:
 CardTable entry size: 512
 Card Set container configuration: InlinePtr #cards 4 size 8 Array Of Cards #cards 16 size 48 Howl #buckets 8 coarsen threshold 3686 Howl Bitmap #cards 512 size 80 coarsen threshold 460 Card regions per heap region 1 cards per card region 4096
 CPUs: 4 total, 4 available
 Memory: 12093M
 Large Page Support: Disabled
 NUMA Support: Disabled
 Compressed Oops: Enabled (Zero based)
 Heap Region Size: 2M
 Heap Min Capacity: 8M
 Heap Initial Capacity: 190M
 Heap Max Capacity: 3024M
 Pre-touch: Disabled
 Parallel Workers: 4
 Concurrent Workers: 1
 Concurrent Refinement Workers: 4
 Periodic GC: Disabled

Heap:
 garbage-first heap   total reserved 3096576K, committed 196608K, used 7348K [0x0000000743000000, 0x0000000800000000)
  region size 2048K, 5 young (10240K), 0 survivors (0K)
 Metaspace       used 445K, committed 640K, reserved 1114112K
  class space    used 11K, committed 128K, reserved 1048576K

Heap Regions: E=young(eden), S=young(survivor), O=old, HS=humongous(starts), HC=humongous(continues), CS=collection set, F=free, TAMS=top-at-mark-start, PB=parsable bottom
|   0|0x0000000743000000, 0x0000000743000000, 0x0000000743200000|  0%| F|  |TAMS 0x0000000743000000| PB 0x0000000743000000| Untracked |  0
|   1|0x0000000743200000, 0x0000000743200000, 0x0000000743400000|  0%| F|  |TAMS 0x0000000743200000| PB 0x0000000743200000| Untracked |  0
|   2|0x0000000743400000, 0x0000000743400000, 0x0000000743600000|  0%| F|  |TAMS 0x0000000743400000| PB 0x0000000743400000| Untracked |  0
|   3|0x0000000743600000, 0x0000000743600000, 0x0000000743800000|  0%| F|  |TAMS 0x0000000743600000| PB 0x0000000743600000| Untracked |  0
|   4|0x0000000743800000, 0x0000000743800000, 0x0000000743a00000|  0%| F|  |TAMS 0x0000000743800000| PB 0x0000000743800000| Untracked |  0
|   5|0x0000000743a00000, 0x0000000743a00000, 0x0000000743c00000|  0%| F|  |TAMS 0x0000000743a00000| PB 0x0000000743a00000| Untracked |  0
|   6|0x0000000743c00000, 0x0000000743c00000, 0x0000000743e00000|  0%| F|  |TAMS 0x0000000743c00000| PB 0x0000000743c00000| Untracked |  0
|   7|0x0000000743e00000, 0x0000000743e00000, 0x0000000744000000|  0%| F|  |TAMS 0x0000000743e00000| PB 0x0000000743e00000| Untracked |  0
|   8|0x0000000744000000, 0x0000000744000000, 0x0000000744200000|  0%| F|  |TAMS 0x0000000744000000| PB 0x0000000744000000| Untracked |  0
|   9|0x0000000744200000, 0x0000000744200000, 0x0000000744400000|  0%| F|  |TAMS 0x0000000744200000| PB 0x0000000744200000| Untracked |  0
|  10|0x0000000744400000, 0x0000000744400000, 0x0000000744600000|  0%| F|  |TAMS 0x0000000744400000| PB 0x0000000744400000| Untracked |  0
|  11|0x0000000744600000, 0x0000000744600000, 0x0000000744800000|  0%| F|  |TAMS 0x0000000744600000| PB 0x0000000744600000| Untracked |  0
|  12|0x0000000744800000, 0x0000000744800000, 0x0000000744a00000|  0%| F|  |TAMS 0x0000000744800000| PB 0x0000000744800000| Untracked |  0
|  13|0x0000000744a00000, 0x0000000744a00000, 0x0000000744c00000|  0%| F|  |TAMS 0x0000000744a00000| PB 0x0000000744a00000| Untracked |  0
|  14|0x0000000744c00000, 0x0000000744c00000, 0x0000000744e00000|  0%| F|  |TAMS 0x0000000744c00000| PB 0x0000000744c00000| Untracked |  0
|  15|0x0000000744e00000, 0x0000000744e00000, 0x0000000745000000|  0%| F|  |TAMS 0x0000000744e00000| PB 0x0000000744e00000| Untracked |  0
|  16|0x0000000745000000, 0x0000000745000000, 0x0000000745200000|  0%| F|  |TAMS 0x0000000745000000| PB 0x0000000745000000| Untracked |  0
|  17|0x0000000745200000, 0x0000000745200000, 0x0000000745400000|  0%| F|  |TAMS 0x0000000745200000| PB 0x0000000745200000| Untracked |  0
|  18|0x0000000745400000, 0x0000000745400000, 0x0000000745600000|  0%| F|  |TAMS 0x0000000745400000| PB 0x0000000745400000| Untracked |  0
|  19|0x0000000745600000, 0x0000000745600000, 0x0000000745800000|  0%| F|  |TAMS 0x0000000745600000| PB 0x0000000745600000| Untracked |  0
|  20|0x0000000745800000, 0x0000000745800000, 0x0000000745a00000|  0%| F|  |TAMS 0x0000000745800000| PB 0x0000000745800000| Untracked |  0
|  21|0x0000000745a00000, 0x0000000745a00000, 0x0000000745c00000|  0%| F|  |TAMS 0x0000000745a00000| PB 0x0000000745a00000| Untracked |  0
|  22|0x0000000745c00000, 0x0000000745c00000, 0x0000000745e00000|  0%| F|  |TAMS 0x0000000745c00000| PB 0x0000000745c00000| Untracked |  0
|  23|0x0000000745e00000, 0x0000000745e00000, 0x0000000746000000|  0%| F|  |TAMS 0x0000000745e00000| PB 0x0000000745e00000| Untracked |  0
|  24|0x0000000746000000, 0x0000000746000000, 0x0000000746200000|  0%| F|  |TAMS 0x0000000746000000| PB 0x0000000746000000| Untracked |  0
|  25|0x0000000746200000, 0x0000000746200000, 0x0000000746400000|  0%| F|  |TAMS 0x0000000746200000| PB 0x0000000746200000| Untracked |  0
|  26|0x0000000746400000, 0x0000000746400000, 0x0000000746600000|  0%| F|  |TAMS 0x0000000746400000| PB 0x0000000746400000| Untracked |  0
|  27|0x0000000746600000, 0x0000000746600000, 0x0000000746800000|  0%| F|  |TAMS 0x0000000746600000| PB 0x0000000746600000| Untracked |  0
|  28|0x0000000746800000, 0x0000000746800000, 0x0000000746a00000|  0%| F|  |TAMS 0x0000000746800000| PB 0x0000000746800000| Untracked |  0
|  29|0x0000000746a00000, 0x0000000746a00000, 0x0000000746c00000|  0%| F|  |TAMS 0x0000000746a00000| PB 0x0000000746a00000| Untracked |  0
|  30|0x0000000746c00000, 0x0000000746c00000, 0x0000000746e00000|  0%| F|  |TAMS 0x0000000746c00000| PB 0x0000000746c00000| Untracked |  0
|  31|0x0000000746e00000, 0x0000000746e00000, 0x0000000747000000|  0%| F|  |TAMS 0x0000000746e00000| PB 0x0000000746e00000| Untracked |  0
|  32|0x0000000747000000, 0x0000000747000000, 0x0000000747200000|  0%| F|  |TAMS 0x0000000747000000| PB 0x0000000747000000| Untracked |  0
|  33|0x0000000747200000, 0x0000000747200000, 0x0000000747400000|  0%| F|  |TAMS 0x0000000747200000| PB 0x0000000747200000| Untracked |  0
|  34|0x0000000747400000, 0x0000000747400000, 0x0000000747600000|  0%| F|  |TAMS 0x0000000747400000| PB 0x0000000747400000| Untracked |  0
|  35|0x0000000747600000, 0x0000000747600000, 0x0000000747800000|  0%| F|  |TAMS 0x0000000747600000| PB 0x0000000747600000| Untracked |  0
|  36|0x0000000747800000, 0x0000000747800000, 0x0000000747a00000|  0%| F|  |TAMS 0x0000000747800000| PB 0x0000000747800000| Untracked |  0
|  37|0x0000000747a00000, 0x0000000747a00000, 0x0000000747c00000|  0%| F|  |TAMS 0x0000000747a00000| PB 0x0000000747a00000| Untracked |  0
|  38|0x0000000747c00000, 0x0000000747c00000, 0x0000000747e00000|  0%| F|  |TAMS 0x0000000747c00000| PB 0x0000000747c00000| Untracked |  0
|  39|0x0000000747e00000, 0x0000000747e00000, 0x0000000748000000|  0%| F|  |TAMS 0x0000000747e00000| PB 0x0000000747e00000| Untracked |  0
|  40|0x0000000748000000, 0x0000000748000000, 0x0000000748200000|  0%| F|  |TAMS 0x0000000748000000| PB 0x0000000748000000| Untracked |  0
|  41|0x0000000748200000, 0x0000000748200000, 0x0000000748400000|  0%| F|  |TAMS 0x0000000748200000| PB 0x0000000748200000| Untracked |  0
|  42|0x0000000748400000, 0x0000000748400000, 0x0000000748600000|  0%| F|  |TAMS 0x0000000748400000| PB 0x0000000748400000| Untracked |  0
|  43|0x0000000748600000, 0x0000000748600000, 0x0000000748800000|  0%| F|  |TAMS 0x0000000748600000| PB 0x0000000748600000| Untracked |  0
|  44|0x0000000748800000, 0x0000000748800000, 0x0000000748a00000|  0%| F|  |TAMS 0x0000000748800000| PB 0x0000000748800000| Untracked |  0
|  45|0x0000000748a00000, 0x0000000748a00000, 0x0000000748c00000|  0%| F|  |TAMS 0x0000000748a00000| PB 0x0000000748a00000| Untracked |  0
|  46|0x0000000748c00000, 0x0000000748c00000, 0x0000000748e00000|  0%| F|  |TAMS 0x0000000748c00000| PB 0x0000000748c00000| Untracked |  0
|  47|0x0000000748e00000, 0x0000000748e00000, 0x0000000749000000|  0%| F|  |TAMS 0x0000000748e00000| PB 0x0000000748e00000| Untracked |  0
|  48|0x0000000749000000, 0x0000000749000000, 0x0000000749200000|  0%| F|  |TAMS 0x0000000749000000| PB 0x0000000749000000| Untracked |  0
|  49|0x0000000749200000, 0x0000000749200000, 0x0000000749400000|  0%| F|  |TAMS 0x0000000749200000| PB 0x0000000749200000| Untracked |  0
|  50|0x0000000749400000, 0x0000000749400000, 0x0000000749600000|  0%| F|  |TAMS 0x0000000749400000| PB 0x0000000749400000| Untracked |  0
|  51|0x0000000749600000, 0x0000000749600000, 0x0000000749800000|  0%| F|  |TAMS 0x0000000749600000| PB 0x0000000749600000| Untracked |  0
|  52|0x0000000749800000, 0x0000000749800000, 0x0000000749a00000|  0%| F|  |TAMS 0x0000000749800000| PB 0x0000000749800000| Untracked |  0
|  53|0x0000000749a00000, 0x0000000749a00000, 0x0000000749c00000|  0%| F|  |TAMS 0x0000000749a00000| PB 0x0000000749a00000| Untracked |  0
|  54|0x0000000749c00000, 0x0000000749c00000, 0x0000000749e00000|  0%| F|  |TAMS 0x0000000749c00000| PB 0x0000000749c00000| Untracked |  0
|  55|0x0000000749e00000, 0x0000000749e00000, 0x000000074a000000|  0%| F|  |TAMS 0x0000000749e00000| PB 0x0000000749e00000| Untracked |  0
|  56|0x000000074a000000, 0x000000074a000000, 0x000000074a200000|  0%| F|  |TAMS 0x000000074a000000| PB 0x000000074a000000| Untracked |  0
|  57|0x000000074a200000, 0x000000074a200000, 0x000000074a400000|  0%| F|  |TAMS 0x000000074a200000| PB 0x000000074a200000| Untracked |  0
|  58|0x000000074a400000, 0x000000074a400000, 0x000000074a600000|  0%| F|  |TAMS 0x000000074a400000| PB 0x000000074a400000| Untracked |  0
|  59|0x000000074a600000, 0x000000074a600000, 0x000000074a800000|  0%| F|  |TAMS 0x000000074a600000| PB 0x000000074a600000| Untracked |  0
|  60|0x000000074a800000, 0x000000074a800000, 0x000000074aa00000|  0%| F|  |TAMS 0x000000074a800000| PB 0x000000074a800000| Untracked |  0
|  61|0x000000074aa00000, 0x000000074aa00000, 0x000000074ac00000|  0%| F|  |TAMS 0x000000074aa00000| PB 0x000000074aa00000| Untracked |  0
|  62|0x000000074ac00000, 0x000000074ac00000, 0x000000074ae00000|  0%| F|  |TAMS 0x000000074ac00000| PB 0x000000074ac00000| Untracked |  0
|  63|0x000000074ae00000, 0x000000074ae00000, 0x000000074b000000|  0%| F|  |TAMS 0x000000074ae00000| PB 0x000000074ae00000| Untracked |  0
|  64|0x000000074b000000, 0x000000074b000000, 0x000000074b200000|  0%| F|  |TAMS 0x000000074b000000| PB 0x000000074b000000| Untracked |  0
|  65|0x000000074b200000, 0x000000074b200000, 0x000000074b400000|  0%| F|  |TAMS 0x000000074b200000| PB 0x000000074b200000| Untracked |  0
|  66|0x000000074b400000, 0x000000074b400000, 0x000000074b600000|  0%| F|  |TAMS 0x000000074b400000| PB 0x000000074b400000| Untracked |  0
|  67|0x000000074b600000, 0x000000074b600000, 0x000000074b800000|  0%| F|  |TAMS 0x000000074b600000| PB 0x000000074b600000| Untracked |  0
|  68|0x000000074b800000, 0x000000074b800000, 0x000000074ba00000|  0%| F|  |TAMS 0x000000074b800000| PB 0x000000074b800000| Untracked |  0
|  69|0x000000074ba00000, 0x000000074ba00000, 0x000000074bc00000|  0%| F|  |TAMS 0x000000074ba00000| PB 0x000000074ba00000| Untracked |  0
|  70|0x000000074bc00000, 0x000000074bc00000, 0x000000074be00000|  0%| F|  |TAMS 0x000000074bc00000| PB 0x000000074bc00000| Untracked |  0
|  71|0x000000074be00000, 0x000000074be00000, 0x000000074c000000|  0%| F|  |TAMS 0x000000074be00000| PB 0x000000074be00000| Untracked |  0
|  72|0x000000074c000000, 0x000000074c000000, 0x000000074c200000|  0%| F|  |TAMS 0x000000074c000000| PB 0x000000074c000000| Untracked |  0
|  73|0x000000074c200000, 0x000000074c200000, 0x000000074c400000|  0%| F|  |TAMS 0x000000074c200000| PB 0x000000074c200000| Untracked |  0
|  74|0x000000074c400000, 0x000000074c400000, 0x000000074c600000|  0%| F|  |TAMS 0x000000074c400000| PB 0x000000074c400000| Untracked |  0
|  75|0x000000074c600000, 0x000000074c600000, 0x000000074c800000|  0%| F|  |TAMS 0x000000074c600000| PB 0x000000074c600000| Untracked |  0
|  76|0x000000074c800000, 0x000000074c800000, 0x000000074ca00000|  0%| F|  |TAMS 0x000000074c800000| PB 0x000000074c800000| Untracked |  0
|  77|0x000000074ca00000, 0x000000074ca00000, 0x000000074cc00000|  0%| F|  |TAMS 0x000000074ca00000| PB 0x000000074ca00000| Untracked |  0
|  78|0x000000074cc00000, 0x000000074cc00000, 0x000000074ce00000|  0%| F|  |TAMS 0x000000074cc00000| PB 0x000000074cc00000| Untracked |  0
|  79|0x000000074ce00000, 0x000000074ce00000, 0x000000074d000000|  0%| F|  |TAMS 0x000000074ce00000| PB 0x000000074ce00000| Untracked |  0
|  80|0x000000074d000000, 0x000000074d000000, 0x000000074d200000|  0%| F|  |TAMS 0x000000074d000000| PB 0x000000074d000000| Untracked |  0
|  81|0x000000074d200000, 0x000000074d200000, 0x000000074d400000|  0%| F|  |TAMS 0x000000074d200000| PB 0x000000074d200000| Untracked |  0
|  82|0x000000074d400000, 0x000000074d400000, 0x000000074d600000|  0%| F|  |TAMS 0x000000074d400000| PB 0x000000074d400000| Untracked |  0
|  83|0x000000074d600000, 0x000000074d600000, 0x000000074d800000|  0%| F|  |TAMS 0x000000074d600000| PB 0x000000074d600000| Untracked |  0
|  84|0x000000074d800000, 0x000000074d800000, 0x000000074da00000|  0%| F|  |TAMS 0x000000074d800000| PB 0x000000074d800000| Untracked |  0
|  85|0x000000074da00000, 0x000000074da00000, 0x000000074dc00000|  0%| F|  |TAMS 0x000000074da00000| PB 0x000000074da00000| Untracked |  0
|  86|0x000000074dc00000, 0x000000074dc00000, 0x000000074de00000|  0%| F|  |TAMS 0x000000074dc00000| PB 0x000000074dc00000| Untracked |  0
|  87|0x000000074de00000, 0x000000074de00000, 0x000000074e000000|  0%| F|  |TAMS 0x000000074de00000| PB 0x000000074de00000| Untracked |  0
|  88|0x000000074e000000, 0x000000074e000000, 0x000000074e200000|  0%| F|  |TAMS 0x000000074e000000| PB 0x000000074e000000| Untracked |  0
|  89|0x000000074e200000, 0x000000074e200000, 0x000000074e400000|  0%| F|  |TAMS 0x000000074e200000| PB 0x000000074e200000| Untracked |  0
|  90|0x000000074e400000, 0x000000074e4b6798, 0x000000074e600000| 35%| E|  |TAMS 0x000000074e400000| PB 0x000000074e400000| Complete |  0
|  91|0x000000074e600000, 0x000000074e800000, 0x000000074e800000|100%| E|CS|TAMS 0x000000074e600000| PB 0x000000074e600000| Complete |  0
|  92|0x000000074e800000, 0x000000074ea00000, 0x000000074ea00000|100%| E|  |TAMS 0x000000074e800000| PB 0x000000074e800000| Complete |  0
|  93|0x000000074ea00000, 0x000000074ec00000, 0x000000074ec00000|100%| E|CS|TAMS 0x000000074ea00000| PB 0x000000074ea00000| Complete |  0
|  94|0x000000074ec00000, 0x000000074ee00000, 0x000000074ee00000|100%| E|CS|TAMS 0x000000074ec00000| PB 0x000000074ec00000| Complete |  0
|1511|0x00000007ffe00000, 0x00000007fff2d268, 0x0000000800000000| 58%| O|  |TAMS 0x00000007ffe00000| PB 0x00000007ffe00000| Untracked |  0

Card table byte_map: [0x0000018574580000,0x0000018574b70000] _byte_map_base: 0x0000018570b68000

Marking Bits: (CMBitMap*) 0x0000018567a5e870
 Bits: [0x0000018574b70000, 0x0000018577ab0000)

Polling page: 0x0000018567d00000

Metaspace:

Usage:
  Non-class:    433.88 KB used.
      Class:     11.55 KB used.
       Both:    445.43 KB used.

Virtual space:
  Non-class space:       64.00 MB reserved,     512.00 KB ( <1%) committed,  1 nodes.
      Class space:        1.00 GB reserved,     128.00 KB ( <1%) committed,  1 nodes.
             Both:        1.06 GB reserved,     640.00 KB ( <1%) committed. 

Chunk freelists:
   Non-Class:  12.00 MB
       Class:  15.75 MB
        Both:  27.74 MB

MaxMetaspaceSize: unlimited
CompressedClassSpaceSize: 1.00 GB
Initial GC threshold: 21.00 MB
Current GC threshold: 21.00 MB
CDS: on
 - commit_granule_bytes: 65536.
 - commit_granule_words: 8192.
 - virtual_space_node_default_size: 8388608.
 - enlarge_chunks_in_place: 1.
UseCompressedClassPointers 1, UseCompactObjectHeaders 0
Narrow klass pointer bits 32, Max shift 3
Narrow klass base: 0x000001850f000000, Narrow klass shift: 0
Encoding Range: [0x000001850f000000 - 0x000001860f000000), (4294967296 bytes)
Klass Range:    [0x000001850f000000 - 0x0000018550000000), (1090519040 bytes)
Klass ID Range:  [8 - 1090519033) (1090519025)


Internal statistics:

num_allocs_failed_limit: 0.
num_arena_births: 6.
num_arena_deaths: 0.
num_vsnodes_births: 2.
num_vsnodes_deaths: 0.
num_space_committed: 10.
num_space_uncommitted: 0.
num_chunks_returned_to_freelist: 0.
num_chunks_taken_from_freelist: 7.
num_chunk_merges: 0.
num_chunk_splits: 5.
num_chunks_enlarged: 2.
num_inconsistent_stats: 0.

CodeHeap 'non-profiled nmethods': size=119808Kb used=83Kb max_used=83Kb free=119724Kb
 bounds [0x0000018507b00000, 0x0000018507d70000, 0x000001850f000000]
CodeHeap 'profiled nmethods': size=119744Kb used=453Kb max_used=453Kb free=119290Kb
 bounds [0x0000018500000000, 0x0000018500270000, 0x00000185074f0000]
CodeHeap 'non-nmethods': size=6208Kb used=1775Kb max_used=1775Kb free=4433Kb
 bounds [0x00000185074f0000, 0x0000018507760000, 0x0000018507b00000]
CodeCache: size=245760Kb, used=2311Kb, max_used=2311Kb, free=243447Kb
 total_blobs=747, nmethods=390, adapters=282, full_count=0
Compilation: enabled, stopped_count=0, restarted_count=0

JVMCI Events (13 events):
Event: 0.044 Thread 0x00000185679a4460 created new Java JVMCI runtime -1 (0x000001857a03d970)
Event: 0.126 Thread 0x000001857a06b490 created new CompileBroker JVMCI runtime 0 (0x000001857a03db30)
Event: 0.126 Thread 0x000001857a06b490 attached to JVMCI runtime 0
Event: 0.128 Thread 0x000001857a06b490 loaded JVMCI shared library from C:\Users\ACER\.jdks\graalvm-jdk-24.0.2\bin\jvmcicompiler.dll
Event: 0.133 Thread 0x000001857a06b490 created JavaVM[1]@0x000001857ab59b30 for JVMCI runtime 0
Event: 0.134 Thread 0x000001857a06b490 initializing JVMCI runtime 0
Event: 0.134 Thread 0x000001857a06b490 initializing JavaVM references in JVMCI runtime 0
Event: 0.134 Thread 0x000001857a06b490 initialized JavaVM references in JVMCI runtime 0
Event: 0.134 Thread 0x000001857a06b490 initialized JVMCI runtime 0
Event: 0.304 Thread 0x000001857a06b490 [s\open\src\hotspot\share\compiler\compileBroker.cpp:2239] Error attaching to libjvmci (err: -4)
Event: 0.310 Thread 0x000001857a06b490 uncaught exception in call_HotSpotJVMCIRuntime_compileMethod [nested exception occurred converting exception to string]
Event: 0.310 Thread 0x000001857a06b490 JVMCI upcall had an error: uncaught exception in call_HotSpotJVMCIRuntime_compileMethod [nested exception occurred converting exception to string]
Event: 0.311 Thread 0x000001857a06b490 nested exception occurred converting exception stack to string

Compilation events (20 events):
Event: 0.300 Thread 0x000001857a081510  288       1       java.util.LinkedHashMap::removeEldestEntry (2 bytes)
Event: 0.300 Thread 0x000001857a081510 nmethod 288 0x0000018507b11708 code [0x0000018507b11800, 0x0000018507b118c8]
Event: 0.301 Thread 0x000001857a081510  289       3       java.io.WinNTFileSystem::prefixLength (114 bytes)
Event: 0.302 Thread 0x000001857a081510 nmethod 289 0x0000018500051c08 code [0x0000018500051ea0, 0x0000018500053ff8]
Event: 0.303 Thread 0x0000018554091760  291       3       java.util.jar.Manifest$FastInputStream::readLine (9 bytes)
Event: 0.303 Thread 0x000001857a081510  292       3       java.util.jar.Manifest$FastInputStream::peek (38 bytes)
Event: 0.303 Thread 0x0000018554091760 nmethod 291 0x0000018500054088 code [0x00000185000541a0, 0x0000018500054300]
Event: 0.303 Thread 0x000001857a081510 nmethod 292 0x0000018500054388 code [0x00000185000544c0, 0x00000185000546c8]
Event: 0.303 Thread 0x000001857a081510  293       3       java.util.Arrays::copyOf (33 bytes)
Event: 0.304 Thread 0x000001857a081510 nmethod 293 0x0000018500054708 code [0x0000018500054840, 0x0000018500054c40]
Event: 0.304 Thread 0x000001857a081510  295       3       java.io.File::isInvalid (47 bytes)
Event: 0.304 Thread 0x000001857a06b490 

Event: 0.304 Thread 0x000001857a06b490  290       4       jdk.internal.util.ArraysSupport::unsignedHashCode (36 bytes)
Event: 0.304 Thread 0x000001857a081510 nmethod 295 0x0000018500054c88 code [0x0000018500054dc0, 0x0000018500055068]
Event: 0.304 Thread 0x000001857a081510  297       3       java.lang.StringBuilder::<init> (7 bytes)
Event: 0.304 Thread 0x000001857a06b490 

Event: 0.304 Thread 0x0000018554091760  298       3       jdk.internal.util.ArraysSupport::newLength (27 bytes)
Event: 0.304 Thread 0x000001857a06b490  296       4       java.lang.StringCoding::countPositives (33 bytes)
Event: 0.304 Thread 0x000001857a081510 nmethod 297 0x0000018500055088 code [0x00000185000551a0, 0x00000185000552d8]
Event: 0.305 Thread 0x0000018554091760 nmethod 298 0x0000018500055388 code [0x00000185000554c0, 0x00000185000556f8]

GC Heap History (0 events):
No events

Dll operation events (8 events):
Event: 0.015 Loaded shared library C:\Users\ACER\.jdks\graalvm-jdk-24.0.2\bin\java.dll
Event: 0.066 Loaded shared library C:\Users\ACER\.jdks\graalvm-jdk-24.0.2\bin\jsvml.dll
Event: 0.128 Loaded shared library C:\Users\ACER\.jdks\graalvm-jdk-24.0.2\bin\jvmcicompiler.dll
Event: 0.271 Loaded shared library C:\Users\ACER\.jdks\graalvm-jdk-24.0.2\bin\zip.dll
Event: 0.274 Loaded shared library C:\Users\ACER\.jdks\graalvm-jdk-24.0.2\bin\instrument.dll
Event: 0.281 Loaded shared library C:\Users\ACER\.jdks\graalvm-jdk-24.0.2\bin\net.dll
Event: 0.282 Loaded shared library C:\Users\ACER\.jdks\graalvm-jdk-24.0.2\bin\nio.dll
Event: 0.286 Loaded shared library C:\Users\ACER\.jdks\graalvm-jdk-24.0.2\bin\zip.dll

Deoptimization events (4 events):
Event: 0.199 Thread 0x00000185679a4460 Uncommon trap: trap_request=0xffffffed fr.pc=0x0000018507b023f9 relative=0x0000000000000079
Event: 0.199 Thread 0x00000185679a4460 Uncommon trap: reason=null_assert_or_unreached0 action=reinterpret pc=0x0000018507b023f9 method=java.lang.String.hashCode()I @ 0 jvmci
Event: 0.199 Thread 0x00000185679a4460 DEOPT PACKING pc=0x0000018507b023f9 sp=0x00000001006fe420
Event: 0.200 Thread 0x00000185679a4460 DEOPT UNPACKING pc=0x000001850754574b sp=0x00000001006fd8c0 mode 3

Classes loaded (16 events):
Event: 0.140 Loading class java/lang/NegativeArraySizeException
Event: 0.140 Loading class java/lang/NegativeArraySizeException done
Event: 0.246 Loading class jdk/internal/module/ModuleReferenceImpl$CachedHash
Event: 0.246 Loading class jdk/internal/module/ModuleReferenceImpl$CachedHash done
Event: 0.272 Loading class sun/instrument/InstrumentationImpl
Event: 0.273 Loading class java/lang/instrument/Instrumentation
Event: 0.273 Loading class java/lang/instrument/Instrumentation done
Event: 0.273 Loading class sun/instrument/InstrumentationImpl done
Event: 0.274 Loading class sun/instrument/TransformerManager
Event: 0.275 Loading class sun/instrument/TransformerManager done
Event: 0.275 Loading class sun/instrument/TransformerManager$TransformerInfo
Event: 0.275 Loading class sun/instrument/TransformerManager$TransformerInfo done
Event: 0.275 Loading class jdk/internal/loader/URLClassPath$FileLoader
Event: 0.275 Loading class jdk/internal/loader/URLClassPath$FileLoader done
Event: 0.275 Loading class sun/nio/cs/UTF_8$Decoder
Event: 0.275 Loading class sun/nio/cs/UTF_8$Decoder done

Classes unloaded (0 events):
No events

Classes redefined (0 events):
No events

Internal exceptions (0 events):
No events

VM Operations (2 events):
Event: 0.242 Executing VM operation: HandshakeAllThreads (Deoptimize)
Event: 0.243 Executing VM operation: HandshakeAllThreads (Deoptimize) done

Memory protections (0 events):
No events

Nmethod flushes (0 events):
No events

Events (11 events):
Event: 0.041 Thread 0x00000185679a4460 Thread added: 0x00000185679a4460
Event: 0.063 Thread 0x00000185679a4460 Thread added: 0x000001857a05f220
Event: 0.063 Thread 0x00000185679a4460 Thread added: 0x000001857a062120
Event: 0.064 Thread 0x00000185679a4460 Thread added: 0x000001857a0683d0
Event: 0.064 Thread 0x00000185679a4460 Thread added: 0x000001857a068f00
Event: 0.064 Thread 0x00000185679a4460 Thread added: 0x000001857a069a30
Event: 0.064 Thread 0x00000185679a4460 Thread added: 0x000001857a06a560
Event: 0.064 Thread 0x00000185679a4460 Thread added: 0x000001857a06b490
Event: 0.065 Thread 0x00000185679a4460 Thread added: 0x000001857a081510
Event: 0.242 Thread 0x000001857a081510 Thread added: 0x0000018554091760
Event: 0.278 Thread 0x00000185679a4460 Thread added: 0x00000185540fcbd0


Dynamic libraries:
0x00007ff64b090000 - 0x00007ff64b0a0000 	C:\Users\ACER\.jdks\graalvm-jdk-24.0.2\bin\java.exe
0x00007ffebb0f0000 - 0x00007ffebb2e8000 	C:\WINDOWS\SYSTEM32\ntdll.dll
0x00007ffeba8a0000 - 0x00007ffeba962000 	C:\WINDOWS\System32\KERNEL32.DLL
0x00007ffeb8780000 - 0x00007ffeb8a76000 	C:\WINDOWS\System32\KERNELBASE.dll
0x00007ffeb8c00000 - 0x00007ffeb8d00000 	C:\WINDOWS\System32\ucrtbase.dll
0x00007ffe83de0000 - 0x00007ffe83df6000 	C:\Users\ACER\.jdks\graalvm-jdk-24.0.2\bin\jli.dll
0x00007ffe83740000 - 0x00007ffe8375b000 	C:\Users\ACER\.jdks\graalvm-jdk-24.0.2\bin\VCRUNTIME140.dll
0x00007ffeb9180000 - 0x00007ffeb9321000 	C:\WINDOWS\System32\USER32.dll
0x00007ffeb8bd0000 - 0x00007ffeb8bf2000 	C:\WINDOWS\System32\win32u.dll
0x00007ffea71a0000 - 0x00007ffea743b000 	C:\WINDOWS\WinSxS\amd64_microsoft.windows.common-controls_6595b64144ccf1df_6.0.19041.6456_none_60b8a6cb71f64256\COMCTL32.dll
0x00007ffebaa60000 - 0x00007ffebaa8b000 	C:\WINDOWS\System32\GDI32.dll
0x00007ffeba0f0000 - 0x00007ffeba18e000 	C:\WINDOWS\System32\msvcrt.dll
0x00007ffeb8d30000 - 0x00007ffeb8e49000 	C:\WINDOWS\System32\gdi32full.dll
0x00007ffeb8b30000 - 0x00007ffeb8bcd000 	C:\WINDOWS\System32\msvcp_win.dll
0x00007ffeba0c0000 - 0x00007ffeba0ef000 	C:\WINDOWS\System32\IMM32.DLL
0x00007ffe8db60000 - 0x00007ffe8db6c000 	C:\Users\ACER\.jdks\graalvm-jdk-24.0.2\bin\vcruntime140_1.dll
0x00007ffe79910000 - 0x00007ffe7999e000 	C:\Users\ACER\.jdks\graalvm-jdk-24.0.2\bin\msvcp140.dll
0x00007ffe457f0000 - 0x00007ffe46591000 	C:\Users\ACER\.jdks\graalvm-jdk-24.0.2\bin\server\jvm.dll
0x00007ffebaf80000 - 0x00007ffebb031000 	C:\WINDOWS\System32\ADVAPI32.dll
0x00007ffebaa90000 - 0x00007ffebab2f000 	C:\WINDOWS\System32\sechost.dll
0x00007ffebab40000 - 0x00007ffebac60000 	C:\WINDOWS\System32\RPCRT4.dll
0x00007ffeb8d00000 - 0x00007ffeb8d27000 	C:\WINDOWS\System32\bcrypt.dll
0x00007ffebb040000 - 0x00007ffebb0ab000 	C:\WINDOWS\System32\WS2_32.dll
0x00007ffeb8530000 - 0x00007ffeb857b000 	C:\WINDOWS\SYSTEM32\POWRPROF.dll
0x00007ffea7480000 - 0x00007ffea74a7000 	C:\WINDOWS\SYSTEM32\WINMM.dll
0x00007ffeb0a30000 - 0x00007ffeb0a3a000 	C:\WINDOWS\SYSTEM32\VERSION.dll
0x00007ffeb8510000 - 0x00007ffeb8522000 	C:\WINDOWS\SYSTEM32\UMPDC.dll
0x00007ffeb6fe0000 - 0x00007ffeb6ff2000 	C:\WINDOWS\SYSTEM32\kernel.appcore.dll
0x00007ffe8dac0000 - 0x00007ffe8daca000 	C:\Users\ACER\.jdks\graalvm-jdk-24.0.2\bin\jimage.dll
0x00007ffeb6ae0000 - 0x00007ffeb6ce1000 	C:\WINDOWS\SYSTEM32\DBGHELP.DLL
0x00007ffe97e10000 - 0x00007ffe97e44000 	C:\WINDOWS\SYSTEM32\dbgcore.DLL
0x00007ffeb9080000 - 0x00007ffeb9102000 	C:\WINDOWS\System32\bcryptPrimitives.dll
0x00007ffe9b840000 - 0x00007ffe9b84f000 	C:\Users\ACER\.jdks\graalvm-jdk-24.0.2\bin\instrument.dll
0x00007ffe79c50000 - 0x00007ffe79c6e000 	C:\Users\ACER\.jdks\graalvm-jdk-24.0.2\bin\java.dll
0x00007ffeb93b0000 - 0x00007ffeb94db000 	C:\WINDOWS\System32\ole32.dll
0x00007ffeba190000 - 0x00007ffeba4e4000 	C:\WINDOWS\System32\combase.dll
0x00007ffeb94e0000 - 0x00007ffeb9c50000 	C:\WINDOWS\System32\SHELL32.dll
0x00007ffeb59c0000 - 0x00007ffeb6165000 	C:\WINDOWS\SYSTEM32\windows.storage.dll
0x00007ffeb8140000 - 0x00007ffeb816b000 	C:\WINDOWS\SYSTEM32\Wldp.dll
0x00007ffeba6c0000 - 0x00007ffeba78d000 	C:\WINDOWS\System32\OLEAUT32.dll
0x00007ffeba790000 - 0x00007ffeba83d000 	C:\WINDOWS\System32\SHCORE.dll
0x00007ffeba970000 - 0x00007ffeba9cb000 	C:\WINDOWS\System32\shlwapi.dll
0x00007ffeb86b0000 - 0x00007ffeb86d4000 	C:\WINDOWS\SYSTEM32\profapi.dll
0x00007ffe79830000 - 0x00007ffe79907000 	C:\Users\ACER\.jdks\graalvm-jdk-24.0.2\bin\jsvml.dll
0x00007ffe3e7a0000 - 0x00007ffe411a9000 	C:\Users\ACER\.jdks\graalvm-jdk-24.0.2\bin\jvmcicompiler.dll
0x00007ffeb9110000 - 0x00007ffeb9118000 	C:\WINDOWS\System32\PSAPI.DLL
0x00007ffeb8f20000 - 0x00007ffeb907d000 	C:\WINDOWS\System32\CRYPT32.dll
0x00007ffeb8670000 - 0x00007ffeb869e000 	C:\WINDOWS\SYSTEM32\USERENV.dll
0x00007ffeb81b0000 - 0x00007ffeb81d7000 	C:\WINDOWS\SYSTEM32\ncrypt.dll
0x00007ffeb7e30000 - 0x00007ffeb7e9a000 	C:\WINDOWS\SYSTEM32\MSWSOCK.dll
0x00007ffeb7b10000 - 0x00007ffeb7b4b000 	C:\WINDOWS\SYSTEM32\IPHLPAPI.DLL
0x00007ffeb8170000 - 0x00007ffeb81ab000 	C:\WINDOWS\SYSTEM32\NTASN1.dll
0x00007ffe79c10000 - 0x00007ffe79c27000 	C:\Users\ACER\.jdks\graalvm-jdk-24.0.2\bin\zip.dll
0x00007ffe8d9c0000 - 0x00007ffe8d9d0000 	C:\Users\ACER\.jdks\graalvm-jdk-24.0.2\bin\net.dll
0x00007ffe79c30000 - 0x00007ffe79c46000 	C:\Users\ACER\.jdks\graalvm-jdk-24.0.2\bin\nio.dll

JVMTI agents:
C:\Program Files\JetBrains\IntelliJ IDEA 2025.2.1\lib\idea_rt.jar path:C:\Users\ACER\.jdks\graalvm-jdk-24.0.2\bin\instrument.dll, loaded, initialized, instrumentlib options:56482

dbghelp: loaded successfully - version: 4.0.5 - missing functions: none
symbol engine: initialized successfully - sym options: 0x614 - pdb path: .;C:\Users\ACER\.jdks\graalvm-jdk-24.0.2\bin;C:\WINDOWS\SYSTEM32;C:\WINDOWS\WinSxS\amd64_microsoft.windows.common-controls_6595b64144ccf1df_6.0.19041.6456_none_60b8a6cb71f64256;C:\Users\ACER\.jdks\graalvm-jdk-24.0.2\bin\server

VM Arguments:
jvm_args: -XX:ThreadPriorityPolicy=1 -XX:+UnlockExperimentalVMOptions -XX:+EnableJVMCIProduct -XX:-UnlockExperimentalVMOptions -javaagent:C:\Program Files\JetBrains\IntelliJ IDEA 2025.2.1\lib\idea_rt.jar=56482 -Dfile.encoding=UTF-8 -Dsun.stdout.encoding=UTF-8 -Dsun.stderr.encoding=UTF-8 
java_command: org.example.bookvexebej2e.BookvexeBeJ2eApplication
java_class_path (initial): E:\sgu doc\j2ee\bookvexe-be-j2e\target\classes;C:\Users\ACER\.m2\repository\org\springframework\boot\spring-boot-starter-data-jpa\3.5.6\spring-boot-starter-data-jpa-3.5.6.jar;C:\Users\ACER\.m2\repository\org\springframework\boot\spring-boot-starter\3.5.6\spring-boot-starter-3.5.6.jar;C:\Users\ACER\.m2\repository\org\springframework\boot\spring-boot-starter-logging\3.5.6\spring-boot-starter-logging-3.5.6.jar;C:\Users\ACER\.m2\repository\ch\qos\logback\logback-classic\1.5.18\logback-classic-1.5.18.jar;C:\Users\ACER\.m2\repository\ch\qos\logback\logback-core\1.5.18\logback-core-1.5.18.jar;C:\Users\ACER\.m2\repository\org\apache\logging\log4j\log4j-to-slf4j\2.24.3\log4j-to-slf4j-2.24.3.jar;C:\Users\ACER\.m2\repository\org\apache\logging\log4j\log4j-api\2.24.3\log4j-api-2.24.3.jar;C:\Users\ACER\.m2\repository\org\slf4j\jul-to-slf4j\2.0.17\jul-to-slf4j-2.0.17.jar;C:\Users\ACER\.m2\repository\jakarta\annotation\jakarta.annotation-api\2.1.1\jakarta.annotation-api-2.1.1.jar;C:\Users\ACER\.m2\repository\org\yaml\snakeyaml\2.4\snakeyaml-2.4.jar;C:\Users\ACER\.m2\repository\org\springframework\boot\spring-boot-starter-jdbc\3.5.6\spring-boot-starter-jdbc-3.5.6.jar;C:\Users\ACER\.m2\repository\com\zaxxer\HikariCP\6.3.3\HikariCP-6.3.3.jar;C:\Users\ACER\.m2\repository\org\springframework\spring-jdbc\6.2.11\spring-jdbc-6.2.11.jar;C:\Users\ACER\.m2\repository\org\hibernate\orm\hibernate-core\6.6.29.Final\hibernate-core-6.6.29.Final.jar;C:\Users\ACER\.m2\repository\jakarta\persistence\jakarta.persistence-api\3.1.0\jakarta.persistence-api-3.1.0.jar;C:\Users\ACER\.m2\repository\jakarta\transaction\jakarta.transaction-api\2.0.1\jakarta.transaction-api-2.0.1.jar;C:\Users\ACER\.m2\repository\org\jboss\logging\jboss-logging\3.6.1.Final\jboss-logging-3.6.1.Final.jar;C:\Users\ACER\.m2\repository\org\hibernate\common\hibernate-commons-annotations\7.0.3.Final\hibernate-commons-annotations-7.0.3.Final.jar;C:\Users\ACER\.m2\repository\io\smallrye\jandex\3.2.0\jandex-3.2.0.jar;C:\Users\ACER\.m2\repository\com\fasterxml\classmate\1.7.0\classmate-1.7.0.jar;C:\Users\ACER\.m2\repository\net\bytebuddy\byte-buddy\1.17.7\byte-buddy-1.17.7.jar;C:\Users\ACER\.m2\repository\org\glassfish\jaxb\jaxb-runtime\4.0.5\jaxb-runtime-4.0.5.jar;C:\Users\ACER\.m2\repository\org\glassfish\jaxb\jaxb-core\4.0.5\jaxb-core-4.0.5.jar;C:\Users\ACER\.m2\repository\org\eclipse\angus\angus-activation\2.0.2\angus-activation-2.0.2.jar;C:\Users\ACER\.m2\repository\org\glassfish\jaxb\txw2\4.0.5\txw2-4.0.5.jar;C:\Users\ACER\.m2\repository\com\sun\istack\istack-commons-runtime\4.1.2\istack-commons-runtime-4.1.2.jar;C:\Users\ACER\.m2\repository\jakarta\inject\jakarta.inject-api\2.0.1\jakarta.inject-api-2.0.1.jar;C:\Users\ACER\.m2\repository\org\antlr\antlr4-runtime\4.13.0\antlr4-runtime-4.13.0.jar;C:\Users\ACER\.m2\repository\org\springframework\data\spring-data-jpa\3.5.4\spring-data-jpa-3.5.4.jar;C:\Users\ACER\.m2\repository\org\springframework\data\spring-data-commons\3.5.4\spring-data-commons-3.5.4.jar;C:\Users\ACER\.m2\repository\org\springframework\spring-orm\6.2.11\spring-orm-6.2.11.jar;C:\Users\ACER\.m2\repository\org\springframework\spring-context\6.2.11\spring-context-6.2.11.jar;C:\Users\ACER\.m2\repository\org\springframework\spring-tx\6.2.11\spring-tx-6.2.11.jar;C:\Users\ACER\.m2\repository\org\springframework\spring-beans\6.2.11\spring-beans-6.2.11.jar;C:\Users\ACER\.m2\repository\org\slf4j\slf4j-api\2.0.17\slf4j-api-2.0.17.jar;C:\Users\ACER\.m2\repository\org\springframework\spring-aspects\6.2.11\spring-aspects-6.2.11.jar;C:\Users\ACER\.m2\repository\org\aspectj\aspectjweaver\1.9.24\aspectjweaver-1.9.24.jar;C:\Users\ACER\.m2\repository\org\springframework\boot\spring-boot-starter-oauth2-authorization-server\3.5.6\spring-boot-starter-oauth2-authorization-server-3.5.6.jar;C:\Users\ACER\.m2\repository\org\springframework\security\spring-security-oauth2-authorization-server\1.5.2\spring-security-oauth2-authorization-server-1.5.2.jar;C:\Users\ACER\.m2\repository\org\springframework\security\spring-security-oauth2-core\6.5.5\spring-security-oauth2-core-6.5.5.jar;C:\Users\ACER\.m2\repository\com\nimbusds\nimbus-jose-jwt\9.47\nimbus-jose-jwt-9.47.jar;C:\Users\ACER\.m2\repository\org\springframework\boot\spring-boot-starter-oauth2-client\3.5.6\spring-boot-starter-oauth2-client-3.5.6.jar;C:\Users\ACER\.m2\repository\org\springframework\security\spring-security-config\6.5.5\spring-security-config-6.5.5.jar;C:\Users\ACER\.m2\repository\org\springframework\security\spring-security-core\6.5.5\spring-security-core-6.5.5.jar;C:\Users\ACER\.m2\repository\org\springframework\security\spring-security-crypto\6.5.5\spring-security-crypto-6.5.5.jar;C:\Users\ACER\.m2\repository\org\springframework\spring-expression\6.2.11\spring-expression-6.2.11.jar;C:\Users\ACER\.m2\repository\io\micrometer\micrometer-observation\1.15.4\micrometer-observation-1.15.4.jar;C:\Users\ACER\.m2\repository\io\micrometer\micrometer-commons\1.15.4\micrometer-commons-1.15.4.jar;C:\Users\ACER\.m2\repository\org\springframework\security\spring-security-oauth2-client\6.5.5\spring-security-oauth2-client-6.5.5.jar;C:\Users\ACER\.m2\repository\com\nimbusds\oauth2-oidc-sdk\9.43.6\oauth2-oidc-sdk-9.43.6.jar;C:\Users\ACER\.m2\repository\com\github\stephenc\jcip\jcip-annotations\1.0-1\jcip-annotations-1.0-1.jar;C:\Users\ACER\.m2\repository\com\nimbusds\content-type\2.2\content-type-2.2.jar;C:\Users\ACER\.m2\repository\com\nimbusds\lang-tag\1.7\lang-tag-1.7.jar;C:\Users\ACER\.m2\repository\org\springframework\security\spring-security-oauth2-jose\6.5.5\spring-security-oauth2-jose-6.5.5.jar;C:\Users\ACER\.m2\repository\org\springframework\boot\spring-boot-starter-oauth2-resource-server\3.5.6\spring-boot-starter-oauth2-resource-server-3.5.6.jar;C:\Users\ACER\.m2\repository\org\springframework\security\spring-security-oauth2-resource-server\6.5.5\spring-security-oauth2-resource-server-6.5.5.jar;C:\Users\ACER\.m2\repository\org\springframework\boot\spring-boot-starter-security\3.5.6\spring-boot-starter-security-3.5.6.jar;C:\Users\ACER\.m2\repository\org\springframework\spring-aop\6.2.11\spring-aop-6.2.11.jar;C:\Users\ACER\.m2\repository\org\springframework\security\spring-security-web\6.5.5\spring-security-web-6.5.5.jar;C:\Users\ACER\.m2\repository\org\springframework\boot\spring-boot-starter-validation\3.5.6\spring-boot-starter-validation-3.5.6.jar;C:\Users\ACER\.m2\repository\org\apache\tomcat\embed\tomcat-embed-el\10.1.46\tomcat-embed-el-10.1.46.jar;C:\Users\ACER\.m2\repository\org\hibernate\validator\hibernate-validator\8.0.3.Final\hibernate-validator-8.0.3.Final.jar;C:\Users\ACER\.m2\repository\jakarta\validation\jakarta.validation-api\3.0.2\jakarta.validation-api-3.0.2.jar;C:\Users\ACER\.m2\repository\org\springframework\boot\spring-boot-starter-websocket\3.5.6\spring-boot-starter-websocket-3.5.6.jar;C:\Users\ACER\.m2\repository\org\springframework\spring-messaging\6.2.11\spring-messaging-6.2.11.jar;C:\Users\ACER\.m2\repository\org\springframework\spring-websocket\6.2.11\spring-websocket-6.2.11.jar;C:\Users\ACER\.m2\repository\org\springframework\boot\spring-boot-devtools\3.5.6\spring-boot-devtools-3.5.6.jar;C:\Users\ACER\.m2\repository\org\springframework\boot\spring-boot\3.5.6\spring-boot-3.5.6.jar;C:\Users\ACER\.m2\repository\org\springframework\boot\spring-boot-autoconfigure\3.5.6\spring-boot-autoconfigure-3.5.6.jar;C:\Users\ACER\.m2\repository\org\springframework\boot\spring-boot-docker-compose\3.5.6\spring-boot-docker-compose-3.5.6.jar;C:\Users\ACER\.m2\repository\com\fasterxml\jackson\core\jackson-databind\2.19.2\jackson-databind-2.19.2.jar;C:\Users\ACER\.m2\repository\com\fasterxml\jackson\core\jackson-annotations\2.19.2\jackson-annotations-2.19.2.jar;C:\Users\ACER\.m2\repository\com\fasterxml\jackson\core\jackson-core\2.19.2\jackson-core-2.19.2.jar;C:\Users\ACER\.m2\repository\com\fasterxml\jackson\module\jackson-module-parameter-names\2.19.2\jackson-module-parameter-names-2.19.2.jar;C:\Users\ACER\.m2\repository\com\mysql\mysql-connector-j\9.4.0\mysql-connector-j-9.4.0.jar;C:\Users\ACER\.m2\repository\org\springframework\boot\spring-boot-configuration-processor\3.5.6\spring-boot-configuration-processor-3.5.6.jar;C:\Users\ACER\.m2\repository\org\projectlombok\lombok\1.18.40\lombok-1.18.40.jar;C:\Users\ACER\.m2\repository\jakarta\xml\bind\jakarta.xml.bind-api\4.0.2\jakarta.xml.bind-api-4.0.2.jar;C:\Users\ACER\.m2\repository\jakarta\activation\jakarta.activation-api\2.1.4\jakarta.activation-api-2.1.4.jar;C:\Users\ACER\.m2\repository\net\minidev\json-smart\2.5.2\json-smart-2.5.2.jar;C:\Users\ACER\.m2\repository\net\minidev\accessors-smart\2.5.2\accessors-smart-2.5.2.jar;C:\Users\ACER\.m2\repository\org\ow2\asm\asm\9.7.1\asm-9.7.1.jar;C:\Users\ACER\.m2\repository\org\springframework\spring-core\6.2.11\spring-core-6.2.11.jar;C:\Users\ACER\.m2\repository\org\springframework\spring-jcl\6.2.11\spring-jcl-6.2.11.jar;C:\Users\ACER\.m2\repository\org\springdoc\springdoc-openapi-starter-webmvc-ui\2.8.13\springdoc-openapi-starter-webmvc-ui-2.8.13.jar;C:\Users\ACER\.m2\repository\org\springdoc\springdoc-openapi-starter-webmvc-api\2.8.13\springdoc-openapi-starter-webmvc-api-2.8.13.jar;C:\Users\ACER\.m2\repository\org\springdoc\springdoc-openapi-starter-common\2.8.13\springdoc-openapi-starter-common-2.8.13.jar;C:\Users\ACER\.m2\repository\io\swagger\core\v3\swagger-core-jakarta\2.2.36\swagger-core-jakarta-2.2.36.jar;C:\Users\ACER\.m2\repository\io\swagger\core\v3\swagger-annotations-jakarta\2.2.36\swagger-annotations-jakarta-2.2.36.jar;C:\Users\ACER\.m2\repository\io\swagger\core\v3\swagger-models-jakarta\2.2.36\swagger-models-jakarta-2.2.36.jar;C:\Users\ACER\.m2\repository\com\fasterxml\jackson\dataformat\jackson-dataformat-yaml\2.19.2\jackson-dataformat-yaml-2.19.2.jar;C:\Users\ACER\.m2\repository\org\webjars\swagger-ui\5.28.1\swagger-ui-5.28.1.jar;C:\Users\ACER\.m2\repository\org\webjars\webjars-locator-lite\1.1.0\webjars-locator-lite-1.1.0.jar;C:\Users\ACER\.m2\repository\org\jspecify\jspecify\1.0.0\jspecify-1.0.0.jar;C:\Users\ACER\.m2\repository\org\springframework\boot\spring-boot-starter-web\3.5.6\spring-boot-starter-web-3.5.6.jar;C:\Users\ACER\.m2\repository\org\springframework\boot\spring-boot-starter-json\3.5.6\spring-boot-starter-json-3.5.6.jar;C:\Users\ACER\.m2\repository\com\fasterxml\jackson\datatype\jackson-datatype-jdk8\2.19.2\jackson-datatype-jdk8-2.19.2.jar;C:\Users\ACER\.m2\repository\com\fasterxml\jackson\datatype\jackson-datatype-jsr310\2.19.2\jackson-datatype-jsr310-2.19.2.jar;C:\Users\ACER\.m2\repository\org\springframework\boot\spring-boot-starter-tomcat\3.5.6\spring-boot-starter-tomcat-3.5.6.jar;C:\Users\ACER\.m2\repository\org\apache\tomcat\embed\tomcat-embed-core\10.1.46\tomcat-embed-core-10.1.46.jar;C:\Users\ACER\.m2\repository\org\apache\tomcat\embed\tomcat-embed-websocket\10.1.46\tomcat-embed-websocket-10.1.46.jar;C:\Users\ACER\.m2\repository\org\springframework\spring-web\6.2.11\spring-web-6.2.11.jar;C:\Users\ACER\.m2\repository\org\springframework\spring-webmvc\6.2.11\spring-webmvc-6.2.11.jar;C:\Users\ACER\.m2\repository\org\flywaydb\flyway-core\11.13.2\flyway-core-11.13.2.jar;C:\Users\ACER\.m2\repository\org\flywaydb\flyway-mysql\11.13.2\flyway-mysql-11.13.2.jar;C:\Users\ACER\.m2\repository\com\querydsl\querydsl-core\5.1.0\querydsl-core-5.1.0.jar;C:\Users\ACER\.m2\repository\com\mysema\commons\mysema-commons-lang\0.2.4\mysema-commons-lang-0.2.4.jar;C:\Users\ACER\.m2\repository\com\querydsl\querydsl-jpa\5.1.0\querydsl-jpa-5.1.0-jakarta.jar;C:\Users\ACER\.m2\repository\org\apache\commons\commons-lang3\3.19.0\commons-lang3-3.19.0.jar
Launcher Type: SUN_STANDARD

[Global flags]
     intx CICompilerCount                          = 3                                         {product} {ergonomic}
     uint ConcGCThreads                            = 1                                         {product} {ergonomic}
     bool EnableJVMCIProduct                       = true                                {JVMCI product} {jimage}
     uint G1ConcRefinementThreads                  = 4                                         {product} {ergonomic}
   size_t G1HeapRegionSize                         = 2097152                                   {product} {ergonomic}
   size_t InitialHeapSize                          = 199229440                                 {product} {ergonomic}
   size_t MarkStackSize                            = 4194304                                   {product} {ergonomic}
   size_t MarkStackSizeMax                         = 536870912                                 {product} {ergonomic}
   size_t MaxHeapSize                              = 3170893824                                {product} {ergonomic}
   size_t MaxNewSize                               = 1902116864                                {product} {ergonomic}
   size_t MinHeapDeltaBytes                        = 2097152                                   {product} {ergonomic}
   size_t MinHeapSize                              = 8388608                                   {product} {ergonomic}
    uintx NonNMethodCodeHeapSize                   = 6356992                                {pd product} {ergonomic}
    uintx NonProfiledCodeHeapSize                  = 122683392                              {pd product} {ergonomic}
    uintx ProfiledCodeHeapSize                     = 122617856                              {pd product} {ergonomic}
    uintx ReservedCodeCacheSize                    = 251658240                              {pd product} {ergonomic}
     bool SegmentedCodeCache                       = true                                      {product} {ergonomic}
   size_t SoftMaxHeapSize                          = 3170893824                             {manageable} {ergonomic}
      int ThreadPriorityPolicy                     = 1                                         {product} {jimage}
     bool UseCompressedOops                        = true                           {product lp64_product} {ergonomic}
     bool UseG1GC                                  = true                                      {product} {ergonomic}
     bool UseLargePagesIndividualAllocation        = false                                  {pd product} {ergonomic}

Logging:
Log output configuration:
 #0: stdout all=warning uptime,level,tags foldmultilines=false
 #1: stderr all=off uptime,level,tags foldmultilines=false

Environment Variables:
JAVA_HOME=C:\Users\ACER\.jdks\graalvm-jdk-24.0.2
PATH=C:\Program Files\ImageMagick-7.1.1-Q16-HDRI;C:\Windows\system32;C:\Windows;C:\Windows\System32\Wbem;C:\Windows\System32\WindowsPowerShell\v1.0\;C:\Windows\System32\OpenSSH\;C:\Program Files\Microsoft SQL Server\150\Tools\Binn\;C:\Program Files\Microsoft SQL Server\Client SDK\ODBC\170\Tools\Binn\;C:\Program Files\dotnet\;C:\Program Files\Git\cmd;C:\Program Files (x86)\Microsoft SQL Server\150\Tools\Binn\;C:\Program Files\Microsoft SQL Server\150\DTS\Binn\;C:\WINDOWS\system32;C:\WINDOWS;C:\WINDOWS\System32\Wbem;C:\WINDOWS\System32\WindowsPowerShell\v1.0\;C:\WINDOWS\System32\OpenSSH\;C:\Program Files\Go\bin;C:\Program Files\PowerShell\7\;C:\Program Files\Apollo;C:\Program Files\Apollo\tools;C:\Program Files\PuTTY\;C:\ffmpeg-n5.0-latest-win64-gpl-5.0\bin;C:\Program Files\Tailscale\;C:\Program Files\nodejs\;C:\Users\ACER\AppData\Local\Programs\Python\Python313\Scripts\;C:\Users\ACER\AppData\Local\Programs\Python\Python313\;C:\Users\ACER\AppData\Local\Programs\Python\Launcher\;C:\Users\ACER\.local\bin;C:\Users\ACER\AppData\Local\Microsoft\WindowsApps;C:\Users\ACER\AppData\Local\Programs\Microsoft VS Code\bin;C:\Program Files\Azure Data Studio\bin;C:\Users\ACER\.dotnet\tools;C:\msys64\ucrt64\bin;C:\Users\ACER\go\bin;C:\Program Files (x86)\Nmap;C:\Users\ACER\.dotnet\tools;C:\Users\ACER\AppData\Local\Microsoft\WindowsApps;C:\Users\ACER\AppData\Roaming\npm
USERNAME=ACER
OS=Windows_NT
PROCESSOR_IDENTIFIER=Intel64 Family 6 Model 156 Stepping 0, GenuineIntel
TMP=C:\Users\ACER\AppData\Local\Temp
TEMP=C:\Users\ACER\AppData\Local\Temp




Periodic native trim disabled

---------------  S Y S T E M  ---------------

OS:
 Windows 10 , 64 bit Build 19041 (10.0.19041.5915)
OS uptime: 0 days 4:08 hours

CPU: total 4 (initial active 4) (4 cores per cpu, 1 threads per core) family 6 model 156 stepping 0 microcode 0x1d, cx8, cmov, fxsr, mmx, 3dnowpref, sse, sse2, sse3, ssse3, sse4.1, sse4.2, popcnt, tsc, tscinvbit, aes, erms, clmul, sha, clflush, clflushopt, clwb, rdtscp, rdpid
Processor Information for the first 4 processors :
  Max Mhz: 1114, Current Mhz: 1114, Mhz Limit: 1114

Memory: 4k page, system-wide physical 12093M (1797M free)
TotalPageFile size 16189M (AvailPageFile size 278M)
current process WorkingSet (physical memory assigned to process): 78M, peak: 78M
current process commit charge ("private bytes"): 309M, peak: 309M

vm_info: Java HotSpot(TM) 64-Bit Server VM (24.0.2+11-jvmci-b01) for windows-amd64 JRE (24.0.2+11-jvmci-b01), built on 2025-06-30T23:43:41Z with MS VC++ 17.6 (VS2022)

END.
